{"C:\\Users\\natef\\Code\\SE492\\sdmay24-35\\frontend\\src\\components\\AdminNavBar.js": {"path":"C:\\Users\\natef\\Code\\SE492\\sdmay24-35\\frontend\\src\\components\\AdminNavBar.js","statementMap":{"0":{"start":{"line":6,"column":32},"end":{"line":6,"column":47}},"1":{"start":{"line":8,"column":20},"end":{"line":10,"column":3}},"2":{"start":{"line":9,"column":4},"end":{"line":9,"column":25}},"3":{"start":{"line":12,"column":2},"end":{"line":37,"column":4}}},"fnMap":{"0":{"name":"AdminNavBar","decl":{"start":{"line":5,"column":9},"end":{"line":5,"column":20}},"loc":{"start":{"line":5,"column":23},"end":{"line":38,"column":1}},"line":5},"1":{"name":"(anonymous_1)","decl":{"start":{"line":8,"column":20},"end":{"line":8,"column":21}},"loc":{"start":{"line":8,"column":26},"end":{"line":10,"column":3}},"line":8}},"branchMap":{"0":{"loc":{"start":{"line":20,"column":12},"end":{"line":20,"column":67}},"type":"cond-expr","locations":[{"start":{"line":20,"column":22},"end":{"line":20,"column":48}},{"start":{"line":20,"column":51},"end":{"line":20,"column":67}}],"line":20},"1":{"loc":{"start":{"line":28,"column":26},"end":{"line":28,"column":74}},"type":"cond-expr","locations":[{"start":{"line":28,"column":36},"end":{"line":28,"column":57}},{"start":{"line":28,"column":60},"end":{"line":28,"column":74}}],"line":28}},"s":{"0":0,"1":0,"2":0,"3":0},"f":{"0":0,"1":0},"b":{"0":[0,0],"1":[0,0]},"_coverageSchema":"1a1c01bbd47fc00a2c39e90264f33305004495a9","hash":"dd863a84ab9f0149ff0c558801a8bc2d58973d9c"}
,"C:\\Users\\natef\\Code\\SE492\\sdmay24-35\\frontend\\src\\components\\Card.js": {"path":"C:\\Users\\natef\\Code\\SE492\\sdmay24-35\\frontend\\src\\components\\Card.js","statementMap":{"0":{"start":{"line":5,"column":13},"end":{"line":5,"column":47}},"1":{"start":{"line":7,"column":13},"end":{"line":35,"column":1}},"2":{"start":{"line":8,"column":34},"end":{"line":8,"column":49}},"3":{"start":{"line":9,"column":19},"end":{"line":9,"column":32}},"4":{"start":{"line":11,"column":25},"end":{"line":13,"column":3}},"5":{"start":{"line":12,"column":4},"end":{"line":12,"column":27}},"6":{"start":{"line":15,"column":2},"end":{"line":34,"column":4}},"7":{"start":{"line":23,"column":25},"end":{"line":23,"column":43}}},"fnMap":{"0":{"name":"(anonymous_0)","decl":{"start":{"line":7,"column":13},"end":{"line":7,"column":14}},"loc":{"start":{"line":7,"column":62},"end":{"line":35,"column":1}},"line":7},"1":{"name":"(anonymous_1)","decl":{"start":{"line":11,"column":25},"end":{"line":11,"column":26}},"loc":{"start":{"line":11,"column":31},"end":{"line":13,"column":3}},"line":11},"2":{"name":"(anonymous_2)","decl":{"start":{"line":23,"column":19},"end":{"line":23,"column":20}},"loc":{"start":{"line":23,"column":25},"end":{"line":23,"column":43}},"line":23}},"branchMap":{"0":{"loc":{"start":{"line":28,"column":9},"end":{"line":28,"column":60}},"type":"binary-expr","locations":[{"start":{"line":28,"column":9},"end":{"line":28,"column":17}},{"start":{"line":28,"column":21},"end":{"line":28,"column":60}}],"line":28},"1":{"loc":{"start":{"line":30,"column":11},"end":{"line":30,"column":61}},"type":"cond-expr","locations":[{"start":{"line":30,"column":22},"end":{"line":30,"column":40}},{"start":{"line":30,"column":43},"end":{"line":30,"column":61}}],"line":30}},"s":{"0":1,"1":1,"2":6,"3":6,"4":6,"5":0,"6":6,"7":0},"f":{"0":6,"1":0,"2":0},"b":{"0":[6,0],"1":[0,6]},"_coverageSchema":"1a1c01bbd47fc00a2c39e90264f33305004495a9","hash":"f6ab26376d1c814fbc98edd4daa035e6b4a1c33b"}
,"C:\\Users\\natef\\Code\\SE492\\sdmay24-35\\frontend\\src\\components\\footer.js": {"path":"C:\\Users\\natef\\Code\\SE492\\sdmay24-35\\frontend\\src\\components\\footer.js","statementMap":{"0":{"start":{"line":6,"column":15},"end":{"line":16,"column":1}},"1":{"start":{"line":7,"column":2},"end":{"line":15,"column":4}}},"fnMap":{"0":{"name":"(anonymous_0)","decl":{"start":{"line":6,"column":15},"end":{"line":6,"column":16}},"loc":{"start":{"line":6,"column":21},"end":{"line":16,"column":1}},"line":6}},"branchMap":{},"s":{"0":7,"1":1},"f":{"0":1},"b":{},"_coverageSchema":"1a1c01bbd47fc00a2c39e90264f33305004495a9","hash":"b50bbcc88119427b0839addf2b04cb3521ad7227"}
,"C:\\Users\\natef\\Code\\SE492\\sdmay24-35\\frontend\\src\\components\\landingNavbar.js": {"path":"C:\\Users\\natef\\Code\\SE492\\sdmay24-35\\frontend\\src\\components\\landingNavbar.js","statementMap":{"0":{"start":{"line":6,"column":32},"end":{"line":6,"column":47}},"1":{"start":{"line":8,"column":20},"end":{"line":10,"column":3}},"2":{"start":{"line":9,"column":4},"end":{"line":9,"column":25}},"3":{"start":{"line":12,"column":2},"end":{"line":42,"column":4}}},"fnMap":{"0":{"name":"LandingNavBar","decl":{"start":{"line":5,"column":9},"end":{"line":5,"column":22}},"loc":{"start":{"line":5,"column":25},"end":{"line":43,"column":1}},"line":5},"1":{"name":"(anonymous_1)","decl":{"start":{"line":8,"column":20},"end":{"line":8,"column":21}},"loc":{"start":{"line":8,"column":26},"end":{"line":10,"column":3}},"line":8}},"branchMap":{"0":{"loc":{"start":{"line":20,"column":12},"end":{"line":20,"column":67}},"type":"cond-expr","locations":[{"start":{"line":20,"column":22},"end":{"line":20,"column":48}},{"start":{"line":20,"column":51},"end":{"line":20,"column":67}}],"line":20},"1":{"loc":{"start":{"line":28,"column":26},"end":{"line":28,"column":74}},"type":"cond-expr","locations":[{"start":{"line":28,"column":36},"end":{"line":28,"column":57}},{"start":{"line":28,"column":60},"end":{"line":28,"column":74}}],"line":28}},"s":{"0":1,"1":1,"2":0,"3":1},"f":{"0":1,"1":0},"b":{"0":[0,1],"1":[0,1]},"_coverageSchema":"1a1c01bbd47fc00a2c39e90264f33305004495a9","hash":"140743452cf3b87cf9f0e31e20fc096919238ec9"}
,"C:\\Users\\natef\\Code\\SE492\\sdmay24-35\\frontend\\src\\context\\AuthProvider.js": {"path":"C:\\Users\\natef\\Code\\SE492\\sdmay24-35\\frontend\\src\\context\\AuthProvider.js","statementMap":{"0":{"start":{"line":3,"column":20},"end":{"line":3,"column":37}},"1":{"start":{"line":5,"column":28},"end":{"line":13,"column":1}},"2":{"start":{"line":6,"column":26},"end":{"line":6,"column":38}},"3":{"start":{"line":8,"column":2},"end":{"line":12,"column":4}}},"fnMap":{"0":{"name":"(anonymous_0)","decl":{"start":{"line":5,"column":28},"end":{"line":5,"column":29}},"loc":{"start":{"line":5,"column":46},"end":{"line":13,"column":1}},"line":5}},"branchMap":{},"s":{"0":10,"1":10,"2":0,"3":0},"f":{"0":0},"b":{},"_coverageSchema":"1a1c01bbd47fc00a2c39e90264f33305004495a9","hash":"2f84e12be186df02496072568b104bb67e959bd9"}
,"C:\\Users\\natef\\Code\\SE492\\sdmay24-35\\frontend\\src\\functions\\graph.js": {"path":"C:\\Users\\natef\\Code\\SE492\\sdmay24-35\\frontend\\src\\functions\\graph.js","statementMap":{"0":{"start":{"line":3,"column":31},"end":{"line":227,"column":1}},"1":{"start":{"line":4,"column":2},"end":{"line":4,"column":23}},"2":{"start":{"line":4,"column":16},"end":{"line":4,"column":23}},"3":{"start":{"line":6,"column":14},"end":{"line":37,"column":3}},"4":{"start":{"line":39,"column":14},"end":{"line":76,"column":3}},"5":{"start":{"line":78,"column":2},"end":{"line":80,"column":3}},"6":{"start":{"line":79,"column":4},"end":{"line":79,"column":20}},"7":{"start":{"line":82,"column":2},"end":{"line":82,"column":52}},"8":{"start":{"line":83,"column":2},"end":{"line":83,"column":31}},"9":{"start":{"line":84,"column":2},"end":{"line":84,"column":29}},"10":{"start":{"line":85,"column":2},"end":{"line":85,"column":28}},"11":{"start":{"line":87,"column":2},"end":{"line":173,"column":3}},"12":{"start":{"line":88,"column":16},"end":{"line":125,"column":5}},"13":{"start":{"line":127,"column":16},"end":{"line":158,"column":5}},"14":{"start":{"line":160,"column":18},"end":{"line":160,"column":37}},"15":{"start":{"line":161,"column":4},"end":{"line":161,"column":32}},"16":{"start":{"line":162,"column":4},"end":{"line":162,"column":59}},"17":{"start":{"line":164,"column":4},"end":{"line":172,"column":6}},"18":{"start":{"line":165,"column":28},"end":{"line":171,"column":7}},"19":{"start":{"line":175,"column":14},"end":{"line":175,"column":68}},"20":{"start":{"line":176,"column":16},"end":{"line":176,"column":35}},"21":{"start":{"line":177,"column":2},"end":{"line":177,"column":30}},"22":{"start":{"line":178,"column":2},"end":{"line":178,"column":32}},"23":{"start":{"line":180,"column":16},"end":{"line":180,"column":35}},"24":{"start":{"line":181,"column":2},"end":{"line":181,"column":30}},"25":{"start":{"line":182,"column":2},"end":{"line":182,"column":57}},"26":{"start":{"line":184,"column":2},"end":{"line":202,"column":4}},"27":{"start":{"line":185,"column":29},"end":{"line":201,"column":5}},"28":{"start":{"line":204,"column":16},"end":{"line":204,"column":38}},"29":{"start":{"line":205,"column":2},"end":{"line":205,"column":33}},"30":{"start":{"line":206,"column":2},"end":{"line":206,"column":33}},"31":{"start":{"line":207,"column":2},"end":{"line":207,"column":27}},"32":{"start":{"line":208,"column":2},"end":{"line":208,"column":20}},"33":{"start":{"line":209,"column":2},"end":{"line":209,"column":22}},"34":{"start":{"line":210,"column":2},"end":{"line":210,"column":46}},"35":{"start":{"line":211,"column":2},"end":{"line":211,"column":48}},"36":{"start":{"line":212,"column":2},"end":{"line":212,"column":23}},"37":{"start":{"line":213,"column":2},"end":{"line":213,"column":22}},"38":{"start":{"line":214,"column":2},"end":{"line":214,"column":23}},"39":{"start":{"line":215,"column":14},"end":{"line":215,"column":38}},"40":{"start":{"line":216,"column":2},"end":{"line":216,"column":19}},"41":{"start":{"line":217,"column":2},"end":{"line":217,"column":20}},"42":{"start":{"line":218,"column":14},"end":{"line":218,"column":27}},"43":{"start":{"line":220,"column":19},"end":{"line":220,"column":53}},"44":{"start":{"line":221,"column":2},"end":{"line":221,"column":24}},"45":{"start":{"line":222,"column":2},"end":{"line":222,"column":22}},"46":{"start":{"line":223,"column":2},"end":{"line":223,"column":34}},"47":{"start":{"line":224,"column":2},"end":{"line":224,"column":29}},"48":{"start":{"line":225,"column":2},"end":{"line":225,"column":15}},"49":{"start":{"line":226,"column":2},"end":{"line":226,"column":15}},"50":{"start":{"line":229,"column":28},"end":{"line":350,"column":1}},"51":{"start":{"line":230,"column":14},"end":{"line":261,"column":3}},"52":{"start":{"line":263,"column":2},"end":{"line":265,"column":3}},"53":{"start":{"line":264,"column":4},"end":{"line":264,"column":20}},"54":{"start":{"line":266,"column":2},"end":{"line":266,"column":54}},"55":{"start":{"line":268,"column":2},"end":{"line":268,"column":28}},"56":{"start":{"line":270,"column":2},"end":{"line":312,"column":3}},"57":{"start":{"line":271,"column":16},"end":{"line":302,"column":5}},"58":{"start":{"line":303,"column":20},"end":{"line":308,"column":5}},"59":{"start":{"line":304,"column":28},"end":{"line":307,"column":7}},"60":{"start":{"line":309,"column":4},"end":{"line":309,"column":32}},"61":{"start":{"line":310,"column":4},"end":{"line":310,"column":39}},"62":{"start":{"line":311,"column":4},"end":{"line":311,"column":28}},"63":{"start":{"line":314,"column":18},"end":{"line":321,"column":3}},"64":{"start":{"line":315,"column":26},"end":{"line":320,"column":5}},"65":{"start":{"line":323,"column":2},"end":{"line":323,"column":28}},"66":{"start":{"line":324,"column":2},"end":{"line":324,"column":25}},"67":{"start":{"line":325,"column":2},"end":{"line":325,"column":28}},"68":{"start":{"line":326,"column":16},"end":{"line":326,"column":38}},"69":{"start":{"line":327,"column":2},"end":{"line":327,"column":33}},"70":{"start":{"line":328,"column":2},"end":{"line":328,"column":33}},"71":{"start":{"line":329,"column":2},"end":{"line":329,"column":27}},"72":{"start":{"line":330,"column":2},"end":{"line":330,"column":20}},"73":{"start":{"line":331,"column":2},"end":{"line":331,"column":22}},"74":{"start":{"line":333,"column":2},"end":{"line":333,"column":46}},"75":{"start":{"line":334,"column":2},"end":{"line":334,"column":48}},"76":{"start":{"line":335,"column":2},"end":{"line":335,"column":23}},"77":{"start":{"line":336,"column":14},"end":{"line":336,"column":38}},"78":{"start":{"line":337,"column":2},"end":{"line":337,"column":19}},"79":{"start":{"line":338,"column":2},"end":{"line":338,"column":20}},"80":{"start":{"line":339,"column":14},"end":{"line":339,"column":27}},"81":{"start":{"line":341,"column":19},"end":{"line":341,"column":53}},"82":{"start":{"line":342,"column":2},"end":{"line":342,"column":24}},"83":{"start":{"line":343,"column":2},"end":{"line":343,"column":22}},"84":{"start":{"line":345,"column":2},"end":{"line":345,"column":22}},"85":{"start":{"line":346,"column":2},"end":{"line":346,"column":23}},"86":{"start":{"line":348,"column":2},"end":{"line":348,"column":31}},"87":{"start":{"line":349,"column":2},"end":{"line":349,"column":15}}},"fnMap":{"0":{"name":"(anonymous_0)","decl":{"start":{"line":3,"column":31},"end":{"line":3,"column":32}},"loc":{"start":{"line":3,"column":78},"end":{"line":227,"column":1}},"line":3},"1":{"name":"(anonymous_1)","decl":{"start":{"line":165,"column":16},"end":{"line":165,"column":17}},"loc":{"start":{"line":165,"column":28},"end":{"line":171,"column":7}},"line":165},"2":{"name":"(anonymous_2)","decl":{"start":{"line":185,"column":14},"end":{"line":185,"column":15}},"loc":{"start":{"line":185,"column":29},"end":{"line":201,"column":5}},"line":185},"3":{"name":"(anonymous_3)","decl":{"start":{"line":229,"column":28},"end":{"line":229,"column":29}},"loc":{"start":{"line":229,"column":64},"end":{"line":350,"column":1}},"line":229},"4":{"name":"(anonymous_4)","decl":{"start":{"line":304,"column":16},"end":{"line":304,"column":17}},"loc":{"start":{"line":304,"column":28},"end":{"line":307,"column":7}},"line":304},"5":{"name":"(anonymous_5)","decl":{"start":{"line":315,"column":14},"end":{"line":315,"column":15}},"loc":{"start":{"line":315,"column":26},"end":{"line":320,"column":5}},"line":315}},"branchMap":{"0":{"loc":{"start":{"line":4,"column":2},"end":{"line":4,"column":23}},"type":"if","locations":[{"start":{"line":4,"column":2},"end":{"line":4,"column":23}},{"start":{},"end":{}}],"line":4},"1":{"loc":{"start":{"line":78,"column":2},"end":{"line":80,"column":3}},"type":"if","locations":[{"start":{"line":78,"column":2},"end":{"line":80,"column":3}},{"start":{},"end":{}}],"line":78},"2":{"loc":{"start":{"line":87,"column":2},"end":{"line":173,"column":3}},"type":"if","locations":[{"start":{"line":87,"column":2},"end":{"line":173,"column":3}},{"start":{},"end":{}}],"line":87},"3":{"loc":{"start":{"line":192,"column":8},"end":{"line":200,"column":16}},"type":"cond-expr","locations":[{"start":{"line":199,"column":12},"end":{"line":199,"column":55}},{"start":{"line":200,"column":12},"end":{"line":200,"column":16}}],"line":192},"4":{"loc":{"start":{"line":192,"column":8},"end":{"line":198,"column":13}},"type":"binary-expr","locations":[{"start":{"line":192,"column":8},"end":{"line":192,"column":22}},{"start":{"line":193,"column":8},"end":{"line":198,"column":13}}],"line":192},"5":{"loc":{"start":{"line":263,"column":2},"end":{"line":265,"column":3}},"type":"if","locations":[{"start":{"line":263,"column":2},"end":{"line":265,"column":3}},{"start":{},"end":{}}],"line":263},"6":{"loc":{"start":{"line":270,"column":2},"end":{"line":312,"column":3}},"type":"if","locations":[{"start":{"line":270,"column":2},"end":{"line":312,"column":3}},{"start":{},"end":{}}],"line":270}},"s":{"0":2,"1":1,"2":0,"3":1,"4":1,"5":1,"6":0,"7":1,"8":1,"9":1,"10":1,"11":1,"12":0,"13":0,"14":0,"15":0,"16":0,"17":0,"18":0,"19":1,"20":1,"21":1,"22":1,"23":1,"24":1,"25":1,"26":1,"27":6,"28":1,"29":1,"30":1,"31":1,"32":1,"33":1,"34":1,"35":1,"36":1,"37":1,"38":1,"39":1,"40":1,"41":1,"42":1,"43":1,"44":1,"45":1,"46":1,"47":1,"48":1,"49":1,"50":2,"51":1,"52":1,"53":0,"54":1,"55":1,"56":1,"57":0,"58":0,"59":0,"60":0,"61":0,"62":0,"63":1,"64":6,"65":1,"66":1,"67":1,"68":1,"69":1,"70":1,"71":1,"72":1,"73":1,"74":1,"75":1,"76":1,"77":1,"78":1,"79":1,"80":1,"81":1,"82":1,"83":1,"84":1,"85":1,"86":1,"87":1},"f":{"0":1,"1":0,"2":6,"3":1,"4":0,"5":6},"b":{"0":[0,1],"1":[0,1],"2":[0,1],"3":[0,6],"4":[6,0],"5":[0,1],"6":[0,1]},"_coverageSchema":"1a1c01bbd47fc00a2c39e90264f33305004495a9","hash":"8f53ebba3e9c638581501018afa5468182cc7775"}
,"C:\\Users\\natef\\Code\\SE492\\sdmay24-35\\frontend\\src\\hooks\\useAuth.js": {"path":"C:\\Users\\natef\\Code\\SE492\\sdmay24-35\\frontend\\src\\hooks\\useAuth.js","statementMap":{"0":{"start":{"line":4,"column":16},"end":{"line":6,"column":1}},"1":{"start":{"line":5,"column":2},"end":{"line":5,"column":33}}},"fnMap":{"0":{"name":"(anonymous_0)","decl":{"start":{"line":4,"column":16},"end":{"line":4,"column":17}},"loc":{"start":{"line":4,"column":22},"end":{"line":6,"column":1}},"line":4}},"branchMap":{},"s":{"0":10,"1":9},"f":{"0":9},"b":{},"_coverageSchema":"1a1c01bbd47fc00a2c39e90264f33305004495a9","hash":"d15b7d0c3a4d6c63ca76555e8a803527e4c81f5c"}
,"C:\\Users\\natef\\Code\\SE492\\sdmay24-35\\frontend\\src\\routes\\about.js": {"path":"C:\\Users\\natef\\Code\\SE492\\sdmay24-35\\frontend\\src\\routes\\about.js","statementMap":{"0":{"start":{"line":5,"column":2},"end":{"line":88,"column":4}}},"fnMap":{"0":{"name":"About","decl":{"start":{"line":4,"column":24},"end":{"line":4,"column":29}},"loc":{"start":{"line":4,"column":32},"end":{"line":89,"column":1}},"line":4}},"branchMap":{},"s":{"0":2},"f":{"0":2},"b":{},"_coverageSchema":"1a1c01bbd47fc00a2c39e90264f33305004495a9","hash":"b136c9b782ce85899797dbc8f7fd6e608ee783d5"}
,"C:\\Users\\natef\\Code\\SE492\\sdmay24-35\\frontend\\src\\routes\\adminAssign.js": {"path":"C:\\Users\\natef\\Code\\SE492\\sdmay24-35\\frontend\\src\\routes\\adminAssign.js","statementMap":{"0":{"start":{"line":10,"column":12},"end":{"line":10,"column":23}},"1":{"start":{"line":13,"column":19},"end":{"line":13,"column":28}},"2":{"start":{"line":14,"column":28},"end":{"line":14,"column":44}},"3":{"start":{"line":16,"column":24},"end":{"line":39,"column":3}},"4":{"start":{"line":17,"column":4},"end":{"line":38,"column":5}},"5":{"start":{"line":18,"column":18},"end":{"line":18,"column":63}},"6":{"start":{"line":19,"column":6},"end":{"line":19,"column":23}},"7":{"start":{"line":20,"column":6},"end":{"line":35,"column":11}},"8":{"start":{"line":25,"column":10},"end":{"line":25,"column":32}},"9":{"start":{"line":26,"column":10},"end":{"line":30,"column":11}},"10":{"start":{"line":27,"column":12},"end":{"line":27,"column":25}},"11":{"start":{"line":28,"column":12},"end":{"line":28,"column":61}},"12":{"start":{"line":29,"column":12},"end":{"line":29,"column":47}},"13":{"start":{"line":33,"column":10},"end":{"line":33,"column":29}},"14":{"start":{"line":34,"column":10},"end":{"line":34,"column":79}},"15":{"start":{"line":37,"column":6},"end":{"line":37,"column":30}},"16":{"start":{"line":41,"column":2},"end":{"line":72,"column":4}},"17":{"start":{"line":53,"column":31},"end":{"line":53,"column":55}}},"fnMap":{"0":{"name":"AdminAssign","decl":{"start":{"line":12,"column":24},"end":{"line":12,"column":35}},"loc":{"start":{"line":12,"column":38},"end":{"line":73,"column":1}},"line":12},"1":{"name":"(anonymous_1)","decl":{"start":{"line":16,"column":24},"end":{"line":16,"column":25}},"loc":{"start":{"line":16,"column":30},"end":{"line":39,"column":3}},"line":16},"2":{"name":"(anonymous_2)","decl":{"start":{"line":24,"column":14},"end":{"line":24,"column":15}},"loc":{"start":{"line":24,"column":28},"end":{"line":31,"column":9}},"line":24},"3":{"name":"(anonymous_3)","decl":{"start":{"line":32,"column":15},"end":{"line":32,"column":16}},"loc":{"start":{"line":32,"column":26},"end":{"line":35,"column":9}},"line":32},"4":{"name":"(anonymous_4)","decl":{"start":{"line":53,"column":24},"end":{"line":53,"column":25}},"loc":{"start":{"line":53,"column":31},"end":{"line":53,"column":55}},"line":53}},"branchMap":{"0":{"loc":{"start":{"line":17,"column":4},"end":{"line":38,"column":5}},"type":"if","locations":[{"start":{"line":17,"column":4},"end":{"line":38,"column":5}},{"start":{"line":36,"column":11},"end":{"line":38,"column":5}}],"line":17},"1":{"loc":{"start":{"line":26,"column":10},"end":{"line":30,"column":11}},"type":"if","locations":[{"start":{"line":26,"column":10},"end":{"line":30,"column":11}},{"start":{},"end":{}}],"line":26}},"s":{"0":1,"1":1,"2":1,"3":1,"4":0,"5":0,"6":0,"7":0,"8":0,"9":0,"10":0,"11":0,"12":0,"13":0,"14":0,"15":0,"16":1,"17":0},"f":{"0":1,"1":0,"2":0,"3":0,"4":0},"b":{"0":[0,0],"1":[0,0]},"_coverageSchema":"1a1c01bbd47fc00a2c39e90264f33305004495a9","hash":"16f6a1ac342000699017643f6ee1a1f7cdd88b1b"}
,"C:\\Users\\natef\\Code\\SE492\\sdmay24-35\\frontend\\src\\routes\\adminCreate.js": {"path":"C:\\Users\\natef\\Code\\SE492\\sdmay24-35\\frontend\\src\\routes\\adminCreate.js","statementMap":{"0":{"start":{"line":8,"column":12},"end":{"line":8,"column":23}},"1":{"start":{"line":11,"column":41},"end":{"line":11,"column":53}},"2":{"start":{"line":12,"column":32},"end":{"line":12,"column":46}},"3":{"start":{"line":13,"column":28},"end":{"line":13,"column":51}},"4":{"start":{"line":15,"column":30},"end":{"line":18,"column":3}},"5":{"start":{"line":16,"column":4},"end":{"line":16,"column":35}},"6":{"start":{"line":17,"column":4},"end":{"line":17,"column":30}},"7":{"start":{"line":20,"column":27},"end":{"line":43,"column":3}},"8":{"start":{"line":22,"column":16},"end":{"line":22,"column":54}},"9":{"start":{"line":23,"column":4},"end":{"line":42,"column":9}},"10":{"start":{"line":28,"column":8},"end":{"line":28,"column":56}},"11":{"start":{"line":29,"column":8},"end":{"line":29,"column":56}},"12":{"start":{"line":35,"column":8},"end":{"line":37,"column":10}},"13":{"start":{"line":38,"column":8},"end":{"line":38,"column":60}},"14":{"start":{"line":39,"column":8},"end":{"line":41,"column":10}},"15":{"start":{"line":45,"column":2},"end":{"line":73,"column":4}}},"fnMap":{"0":{"name":"AdminCreate","decl":{"start":{"line":10,"column":24},"end":{"line":10,"column":35}},"loc":{"start":{"line":10,"column":38},"end":{"line":74,"column":1}},"line":10},"1":{"name":"(anonymous_1)","decl":{"start":{"line":15,"column":30},"end":{"line":15,"column":31}},"loc":{"start":{"line":15,"column":37},"end":{"line":18,"column":3}},"line":15},"2":{"name":"(anonymous_2)","decl":{"start":{"line":20,"column":27},"end":{"line":20,"column":28}},"loc":{"start":{"line":20,"column":33},"end":{"line":43,"column":3}},"line":20},"3":{"name":"(anonymous_3)","decl":{"start":{"line":26,"column":12},"end":{"line":26,"column":13}},"loc":{"start":{"line":26,"column":26},"end":{"line":32,"column":7}},"line":26},"4":{"name":"(anonymous_4)","decl":{"start":{"line":33,"column":13},"end":{"line":33,"column":14}},"loc":{"start":{"line":33,"column":24},"end":{"line":42,"column":7}},"line":33}},"branchMap":{"0":{"loc":{"start":{"line":65,"column":9},"end":{"line":65,"column":36}},"type":"binary-expr","locations":[{"start":{"line":65,"column":9},"end":{"line":65,"column":16}},{"start":{"line":65,"column":20},"end":{"line":65,"column":36}}],"line":65}},"s":{"0":1,"1":1,"2":1,"3":1,"4":1,"5":0,"6":0,"7":1,"8":0,"9":0,"10":0,"11":0,"12":0,"13":0,"14":0,"15":1},"f":{"0":1,"1":0,"2":0,"3":0,"4":0},"b":{"0":[1,0]},"_coverageSchema":"1a1c01bbd47fc00a2c39e90264f33305004495a9","hash":"f8f24014717c99eb1d517730c01eb99d4783e937"}
,"C:\\Users\\natef\\Code\\SE492\\sdmay24-35\\frontend\\src\\routes\\adminHome.js": {"path":"C:\\Users\\natef\\Code\\SE492\\sdmay24-35\\frontend\\src\\routes\\adminHome.js","statementMap":{"0":{"start":{"line":7,"column":2},"end":{"line":56,"column":4}}},"fnMap":{"0":{"name":"AdminHome","decl":{"start":{"line":6,"column":24},"end":{"line":6,"column":33}},"loc":{"start":{"line":6,"column":36},"end":{"line":57,"column":1}},"line":6}},"branchMap":{},"s":{"0":1},"f":{"0":1},"b":{},"_coverageSchema":"1a1c01bbd47fc00a2c39e90264f33305004495a9","hash":"1cbea0b213382912b4da1511996cedd0d998b665"}
,"C:\\Users\\natef\\Code\\SE492\\sdmay24-35\\frontend\\src\\routes\\adminPasswordReset.js": {"path":"C:\\Users\\natef\\Code\\SE492\\sdmay24-35\\frontend\\src\\routes\\adminPasswordReset.js","statementMap":{"0":{"start":{"line":10,"column":12},"end":{"line":10,"column":23}},"1":{"start":{"line":13,"column":19},"end":{"line":13,"column":28}},"2":{"start":{"line":14,"column":28},"end":{"line":14,"column":44}},"3":{"start":{"line":15,"column":34},"end":{"line":15,"column":50}},"4":{"start":{"line":16,"column":48},"end":{"line":16,"column":64}},"5":{"start":{"line":18,"column":24},"end":{"line":47,"column":3}},"6":{"start":{"line":19,"column":4},"end":{"line":46,"column":5}},"7":{"start":{"line":20,"column":18},"end":{"line":20,"column":67}},"8":{"start":{"line":21,"column":6},"end":{"line":21,"column":23}},"9":{"start":{"line":22,"column":6},"end":{"line":42,"column":11}},"10":{"start":{"line":28,"column":10},"end":{"line":28,"column":32}},"11":{"start":{"line":29,"column":10},"end":{"line":37,"column":11}},"12":{"start":{"line":30,"column":12},"end":{"line":30,"column":25}},"13":{"start":{"line":31,"column":12},"end":{"line":31,"column":28}},"14":{"start":{"line":32,"column":12},"end":{"line":32,"column":35}},"15":{"start":{"line":33,"column":12},"end":{"line":33,"column":61}},"16":{"start":{"line":34,"column":12},"end":{"line":34,"column":64}},"17":{"start":{"line":35,"column":12},"end":{"line":35,"column":63}},"18":{"start":{"line":36,"column":12},"end":{"line":36,"column":49}},"19":{"start":{"line":40,"column":10},"end":{"line":40,"column":29}},"20":{"start":{"line":41,"column":10},"end":{"line":41,"column":79}},"21":{"start":{"line":44,"column":6},"end":{"line":44,"column":72}},"22":{"start":{"line":44,"column":40},"end":{"line":44,"column":72}},"23":{"start":{"line":45,"column":6},"end":{"line":45,"column":59}},"24":{"start":{"line":45,"column":31},"end":{"line":45,"column":59}},"25":{"start":{"line":49,"column":2},"end":{"line":101,"column":4}},"26":{"start":{"line":62,"column":31},"end":{"line":62,"column":55}},"27":{"start":{"line":72,"column":31},"end":{"line":72,"column":58}},"28":{"start":{"line":82,"column":31},"end":{"line":82,"column":65}}},"fnMap":{"0":{"name":"AdminPasswordReset","decl":{"start":{"line":12,"column":24},"end":{"line":12,"column":42}},"loc":{"start":{"line":12,"column":45},"end":{"line":102,"column":1}},"line":12},"1":{"name":"(anonymous_1)","decl":{"start":{"line":18,"column":24},"end":{"line":18,"column":25}},"loc":{"start":{"line":18,"column":30},"end":{"line":47,"column":3}},"line":18},"2":{"name":"(anonymous_2)","decl":{"start":{"line":27,"column":14},"end":{"line":27,"column":15}},"loc":{"start":{"line":27,"column":28},"end":{"line":38,"column":9}},"line":27},"3":{"name":"(anonymous_3)","decl":{"start":{"line":39,"column":15},"end":{"line":39,"column":16}},"loc":{"start":{"line":39,"column":26},"end":{"line":42,"column":9}},"line":39},"4":{"name":"(anonymous_4)","decl":{"start":{"line":62,"column":24},"end":{"line":62,"column":25}},"loc":{"start":{"line":62,"column":31},"end":{"line":62,"column":55}},"line":62},"5":{"name":"(anonymous_5)","decl":{"start":{"line":72,"column":24},"end":{"line":72,"column":25}},"loc":{"start":{"line":72,"column":31},"end":{"line":72,"column":58}},"line":72},"6":{"name":"(anonymous_6)","decl":{"start":{"line":82,"column":24},"end":{"line":82,"column":25}},"loc":{"start":{"line":82,"column":31},"end":{"line":82,"column":65}},"line":82}},"branchMap":{"0":{"loc":{"start":{"line":19,"column":4},"end":{"line":46,"column":5}},"type":"if","locations":[{"start":{"line":19,"column":4},"end":{"line":46,"column":5}},{"start":{"line":43,"column":11},"end":{"line":46,"column":5}}],"line":19},"1":{"loc":{"start":{"line":19,"column":8},"end":{"line":19,"column":60}},"type":"binary-expr","locations":[{"start":{"line":19,"column":8},"end":{"line":19,"column":36}},{"start":{"line":19,"column":40},"end":{"line":19,"column":60}}],"line":19},"2":{"loc":{"start":{"line":29,"column":10},"end":{"line":37,"column":11}},"type":"if","locations":[{"start":{"line":29,"column":10},"end":{"line":37,"column":11}},{"start":{},"end":{}}],"line":29},"3":{"loc":{"start":{"line":44,"column":6},"end":{"line":44,"column":72}},"type":"if","locations":[{"start":{"line":44,"column":6},"end":{"line":44,"column":72}},{"start":{},"end":{}}],"line":44},"4":{"loc":{"start":{"line":45,"column":6},"end":{"line":45,"column":59}},"type":"if","locations":[{"start":{"line":45,"column":6},"end":{"line":45,"column":59}},{"start":{},"end":{}}],"line":45}},"s":{"0":1,"1":1,"2":1,"3":1,"4":1,"5":1,"6":0,"7":0,"8":0,"9":0,"10":0,"11":0,"12":0,"13":0,"14":0,"15":0,"16":0,"17":0,"18":0,"19":0,"20":0,"21":0,"22":0,"23":0,"24":0,"25":1,"26":0,"27":0,"28":0},"f":{"0":1,"1":0,"2":0,"3":0,"4":0,"5":0,"6":0},"b":{"0":[0,0],"1":[0,0],"2":[0,0],"3":[0,0],"4":[0,0]},"_coverageSchema":"1a1c01bbd47fc00a2c39e90264f33305004495a9","hash":"62f396aa71a775c636112d3f5a28afb05d2d01ea"}
,"C:\\Users\\natef\\Code\\SE492\\sdmay24-35\\frontend\\src\\routes\\adminResults.js": {"path":"C:\\Users\\natef\\Code\\SE492\\sdmay24-35\\frontend\\src\\routes\\adminResults.js","statementMap":{"0":{"start":{"line":9,"column":12},"end":{"line":9,"column":23}},"1":{"start":{"line":11,"column":28},"end":{"line":11,"column":40}},"2":{"start":{"line":12,"column":34},"end":{"line":12,"column":46}},"3":{"start":{"line":13,"column":48},"end":{"line":13,"column":60}},"4":{"start":{"line":15,"column":4},"end":{"line":15,"column":18}},"5":{"start":{"line":17,"column":28},"end":{"line":20,"column":3}},"6":{"start":{"line":18,"column":4},"end":{"line":18,"column":29}},"7":{"start":{"line":19,"column":4},"end":{"line":19,"column":23}},"8":{"start":{"line":22,"column":39},"end":{"line":30,"column":3}},"9":{"start":{"line":23,"column":4},"end":{"line":23,"column":39}},"10":{"start":{"line":24,"column":4},"end":{"line":27,"column":6}},"11":{"start":{"line":29,"column":4},"end":{"line":29,"column":57}},"12":{"start":{"line":32,"column":30},"end":{"line":52,"column":3}},"13":{"start":{"line":34,"column":16},"end":{"line":34,"column":66}},"14":{"start":{"line":35,"column":4},"end":{"line":35,"column":58}},"15":{"start":{"line":36,"column":4},"end":{"line":51,"column":9}},"16":{"start":{"line":42,"column":8},"end":{"line":42,"column":49}},"17":{"start":{"line":43,"column":8},"end":{"line":43,"column":43}},"18":{"start":{"line":44,"column":24},"end":{"line":44,"column":37}},"19":{"start":{"line":45,"column":8},"end":{"line":45,"column":34}},"20":{"start":{"line":49,"column":8},"end":{"line":49,"column":63}},"21":{"start":{"line":50,"column":8},"end":{"line":50,"column":56}},"22":{"start":{"line":54,"column":36},"end":{"line":74,"column":3}},"23":{"start":{"line":56,"column":16},"end":{"line":56,"column":70}},"24":{"start":{"line":57,"column":4},"end":{"line":57,"column":33}},"25":{"start":{"line":58,"column":4},"end":{"line":73,"column":9}},"26":{"start":{"line":64,"column":8},"end":{"line":64,"column":49}},"27":{"start":{"line":65,"column":8},"end":{"line":65,"column":55}},"28":{"start":{"line":66,"column":24},"end":{"line":66,"column":37}},"29":{"start":{"line":67,"column":8},"end":{"line":67,"column":29}},"30":{"start":{"line":71,"column":8},"end":{"line":71,"column":63}},"31":{"start":{"line":72,"column":8},"end":{"line":72,"column":63}},"32":{"start":{"line":76,"column":22},"end":{"line":87,"column":3}},"33":{"start":{"line":77,"column":23},"end":{"line":77,"column":60}},"34":{"start":{"line":78,"column":23},"end":{"line":78,"column":44}},"35":{"start":{"line":79,"column":17},"end":{"line":79,"column":44}},"36":{"start":{"line":80,"column":4},"end":{"line":80,"column":42}},"37":{"start":{"line":81,"column":4},"end":{"line":84,"column":6}},"38":{"start":{"line":85,"column":4},"end":{"line":85,"column":36}},"39":{"start":{"line":86,"column":4},"end":{"line":86,"column":17}},"40":{"start":{"line":89,"column":27},"end":{"line":97,"column":3}},"41":{"start":{"line":90,"column":23},"end":{"line":90,"column":60}},"42":{"start":{"line":91,"column":23},"end":{"line":91,"column":44}},"43":{"start":{"line":92,"column":17},"end":{"line":92,"column":44}},"44":{"start":{"line":93,"column":4},"end":{"line":93,"column":42}},"45":{"start":{"line":94,"column":4},"end":{"line":94,"column":79}},"46":{"start":{"line":95,"column":4},"end":{"line":95,"column":36}},"47":{"start":{"line":96,"column":4},"end":{"line":96,"column":17}},"48":{"start":{"line":99,"column":2},"end":{"line":115,"column":9}},"49":{"start":{"line":100,"column":22},"end":{"line":113,"column":5}},"50":{"start":{"line":101,"column":6},"end":{"line":112,"column":7}},"51":{"start":{"line":103,"column":29},"end":{"line":105,"column":9}},"52":{"start":{"line":106,"column":8},"end":{"line":106,"column":56}},"53":{"start":{"line":107,"column":8},"end":{"line":107,"column":47}},"54":{"start":{"line":108,"column":8},"end":{"line":108,"column":54}},"55":{"start":{"line":110,"column":8},"end":{"line":110,"column":57}},"56":{"start":{"line":111,"column":8},"end":{"line":111,"column":42}},"57":{"start":{"line":114,"column":4},"end":{"line":114,"column":16}},"58":{"start":{"line":117,"column":2},"end":{"line":168,"column":4}},"59":{"start":{"line":143,"column":16},"end":{"line":145,"column":25}}},"fnMap":{"0":{"name":"AdminResults","decl":{"start":{"line":10,"column":24},"end":{"line":10,"column":36}},"loc":{"start":{"line":10,"column":39},"end":{"line":169,"column":1}},"line":10},"1":{"name":"(anonymous_1)","decl":{"start":{"line":17,"column":28},"end":{"line":17,"column":29}},"loc":{"start":{"line":17,"column":35},"end":{"line":20,"column":3}},"line":17},"2":{"name":"(anonymous_2)","decl":{"start":{"line":22,"column":39},"end":{"line":22,"column":40}},"loc":{"start":{"line":22,"column":46},"end":{"line":30,"column":3}},"line":22},"3":{"name":"(anonymous_3)","decl":{"start":{"line":32,"column":30},"end":{"line":32,"column":31}},"loc":{"start":{"line":32,"column":36},"end":{"line":52,"column":3}},"line":32},"4":{"name":"(anonymous_4)","decl":{"start":{"line":40,"column":12},"end":{"line":40,"column":13}},"loc":{"start":{"line":40,"column":26},"end":{"line":46,"column":7}},"line":40},"5":{"name":"(anonymous_5)","decl":{"start":{"line":47,"column":13},"end":{"line":47,"column":14}},"loc":{"start":{"line":47,"column":24},"end":{"line":51,"column":7}},"line":47},"6":{"name":"(anonymous_6)","decl":{"start":{"line":54,"column":36},"end":{"line":54,"column":37}},"loc":{"start":{"line":54,"column":42},"end":{"line":74,"column":3}},"line":54},"7":{"name":"(anonymous_7)","decl":{"start":{"line":62,"column":12},"end":{"line":62,"column":13}},"loc":{"start":{"line":62,"column":26},"end":{"line":68,"column":7}},"line":62},"8":{"name":"(anonymous_8)","decl":{"start":{"line":69,"column":13},"end":{"line":69,"column":14}},"loc":{"start":{"line":69,"column":24},"end":{"line":73,"column":7}},"line":69},"9":{"name":"(anonymous_9)","decl":{"start":{"line":76,"column":22},"end":{"line":76,"column":23}},"loc":{"start":{"line":76,"column":32},"end":{"line":87,"column":3}},"line":76},"10":{"name":"(anonymous_10)","decl":{"start":{"line":89,"column":27},"end":{"line":89,"column":28}},"loc":{"start":{"line":89,"column":37},"end":{"line":97,"column":3}},"line":89},"11":{"name":"(anonymous_11)","decl":{"start":{"line":99,"column":12},"end":{"line":99,"column":13}},"loc":{"start":{"line":99,"column":18},"end":{"line":115,"column":3}},"line":99},"12":{"name":"(anonymous_12)","decl":{"start":{"line":100,"column":22},"end":{"line":100,"column":23}},"loc":{"start":{"line":100,"column":34},"end":{"line":113,"column":5}},"line":100},"13":{"name":"(anonymous_13)","decl":{"start":{"line":142,"column":28},"end":{"line":142,"column":29}},"loc":{"start":{"line":143,"column":16},"end":{"line":145,"column":25}},"line":143}},"branchMap":{},"s":{"0":1,"1":1,"2":1,"3":1,"4":1,"5":1,"6":0,"7":0,"8":1,"9":0,"10":0,"11":0,"12":1,"13":0,"14":0,"15":0,"16":0,"17":0,"18":0,"19":0,"20":0,"21":0,"22":1,"23":0,"24":0,"25":0,"26":0,"27":0,"28":0,"29":0,"30":0,"31":0,"32":1,"33":0,"34":0,"35":0,"36":0,"37":0,"38":0,"39":0,"40":1,"41":0,"42":0,"43":0,"44":0,"45":0,"46":0,"47":0,"48":1,"49":0,"50":0,"51":0,"52":0,"53":0,"54":0,"55":0,"56":0,"57":0,"58":1,"59":0},"f":{"0":1,"1":0,"2":0,"3":0,"4":0,"5":0,"6":0,"7":0,"8":0,"9":0,"10":0,"11":0,"12":0,"13":0},"b":{},"_coverageSchema":"1a1c01bbd47fc00a2c39e90264f33305004495a9","hash":"a95d10415e1beacdafe8aded91817fa35c46d231"}
,"C:\\Users\\natef\\Code\\SE492\\sdmay24-35\\frontend\\src\\routes\\adminSurvey.js": {"path":"C:\\Users\\natef\\Code\\SE492\\sdmay24-35\\frontend\\src\\routes\\adminSurvey.js","statementMap":{"0":{"start":{"line":9,"column":12},"end":{"line":9,"column":23}},"1":{"start":{"line":12,"column":36},"end":{"line":12,"column":48}},"2":{"start":{"line":13,"column":48},"end":{"line":13,"column":60}},"3":{"start":{"line":14,"column":32},"end":{"line":14,"column":44}},"4":{"start":{"line":15,"column":46},"end":{"line":15,"column":58}},"5":{"start":{"line":17,"column":2},"end":{"line":32,"column":9}},"6":{"start":{"line":18,"column":22},"end":{"line":30,"column":5}},"7":{"start":{"line":19,"column":6},"end":{"line":29,"column":7}},"8":{"start":{"line":21,"column":25},"end":{"line":23,"column":9}},"9":{"start":{"line":24,"column":8},"end":{"line":24,"column":52}},"10":{"start":{"line":25,"column":8},"end":{"line":25,"column":39}},"11":{"start":{"line":27,"column":8},"end":{"line":27,"column":56}},"12":{"start":{"line":28,"column":8},"end":{"line":28,"column":40}},"13":{"start":{"line":31,"column":4},"end":{"line":31,"column":16}},"14":{"start":{"line":34,"column":2},"end":{"line":57,"column":23}},"15":{"start":{"line":35,"column":4},"end":{"line":35,"column":66}},"16":{"start":{"line":36,"column":4},"end":{"line":56,"column":5}},"17":{"start":{"line":38,"column":18},"end":{"line":38,"column":76}},"18":{"start":{"line":39,"column":6},"end":{"line":55,"column":11}},"19":{"start":{"line":43,"column":26},"end":{"line":43,"column":34}},"20":{"start":{"line":44,"column":10},"end":{"line":44,"column":54}},"21":{"start":{"line":45,"column":32},"end":{"line":48,"column":13}},"22":{"start":{"line":45,"column":64},"end":{"line":48,"column":11}},"23":{"start":{"line":49,"column":10},"end":{"line":49,"column":38}},"24":{"start":{"line":50,"column":10},"end":{"line":50,"column":52}},"25":{"start":{"line":53,"column":10},"end":{"line":53,"column":27}},"26":{"start":{"line":54,"column":10},"end":{"line":54,"column":51}},"27":{"start":{"line":59,"column":31},"end":{"line":65,"column":3}},"28":{"start":{"line":60,"column":4},"end":{"line":64,"column":7}},"29":{"start":{"line":61,"column":31},"end":{"line":61,"column":49}},"30":{"start":{"line":62,"column":6},"end":{"line":62,"column":62}},"31":{"start":{"line":63,"column":6},"end":{"line":63,"column":30}},"32":{"start":{"line":67,"column":22},"end":{"line":86,"column":3}},"33":{"start":{"line":69,"column":16},"end":{"line":69,"column":71}},"34":{"start":{"line":70,"column":4},"end":{"line":85,"column":9}},"35":{"start":{"line":78,"column":8},"end":{"line":78,"column":34}},"36":{"start":{"line":79,"column":8},"end":{"line":79,"column":32}},"37":{"start":{"line":80,"column":8},"end":{"line":80,"column":65}},"38":{"start":{"line":83,"column":8},"end":{"line":83,"column":54}},"39":{"start":{"line":84,"column":8},"end":{"line":84,"column":47}},"40":{"start":{"line":88,"column":38},"end":{"line":94,"column":3}},"41":{"start":{"line":89,"column":4},"end":{"line":89,"column":38}},"42":{"start":{"line":90,"column":4},"end":{"line":93,"column":6}},"43":{"start":{"line":96,"column":2},"end":{"line":144,"column":4}},"44":{"start":{"line":107,"column":14},"end":{"line":109,"column":23}},"45":{"start":{"line":118,"column":12},"end":{"line":135,"column":18}},"46":{"start":{"line":121,"column":33},"end":{"line":121,"column":76}},"47":{"start":{"line":127,"column":18},"end":{"line":130,"column":19}}},"fnMap":{"0":{"name":"AdminSurvey","decl":{"start":{"line":11,"column":24},"end":{"line":11,"column":35}},"loc":{"start":{"line":11,"column":38},"end":{"line":145,"column":1}},"line":11},"1":{"name":"(anonymous_1)","decl":{"start":{"line":17,"column":12},"end":{"line":17,"column":13}},"loc":{"start":{"line":17,"column":18},"end":{"line":32,"column":3}},"line":17},"2":{"name":"(anonymous_2)","decl":{"start":{"line":18,"column":22},"end":{"line":18,"column":23}},"loc":{"start":{"line":18,"column":34},"end":{"line":30,"column":5}},"line":18},"3":{"name":"(anonymous_3)","decl":{"start":{"line":34,"column":12},"end":{"line":34,"column":13}},"loc":{"start":{"line":34,"column":18},"end":{"line":57,"column":3}},"line":34},"4":{"name":"(anonymous_4)","decl":{"start":{"line":42,"column":14},"end":{"line":42,"column":15}},"loc":{"start":{"line":42,"column":23},"end":{"line":51,"column":9}},"line":42},"5":{"name":"(anonymous_5)","decl":{"start":{"line":45,"column":49},"end":{"line":45,"column":50}},"loc":{"start":{"line":45,"column":64},"end":{"line":48,"column":11}},"line":45},"6":{"name":"(anonymous_6)","decl":{"start":{"line":52,"column":15},"end":{"line":52,"column":16}},"loc":{"start":{"line":52,"column":24},"end":{"line":55,"column":9}},"line":52},"7":{"name":"(anonymous_7)","decl":{"start":{"line":59,"column":31},"end":{"line":59,"column":32}},"loc":{"start":{"line":59,"column":59},"end":{"line":65,"column":3}},"line":59},"8":{"name":"(anonymous_8)","decl":{"start":{"line":60,"column":23},"end":{"line":60,"column":24}},"loc":{"start":{"line":60,"column":42},"end":{"line":64,"column":5}},"line":60},"9":{"name":"(anonymous_9)","decl":{"start":{"line":67,"column":22},"end":{"line":67,"column":23}},"loc":{"start":{"line":67,"column":52},"end":{"line":86,"column":3}},"line":67},"10":{"name":"(anonymous_10)","decl":{"start":{"line":77,"column":12},"end":{"line":77,"column":13}},"loc":{"start":{"line":77,"column":21},"end":{"line":81,"column":7}},"line":77},"11":{"name":"(anonymous_11)","decl":{"start":{"line":82,"column":13},"end":{"line":82,"column":14}},"loc":{"start":{"line":82,"column":22},"end":{"line":85,"column":7}},"line":82},"12":{"name":"(anonymous_12)","decl":{"start":{"line":88,"column":38},"end":{"line":88,"column":39}},"loc":{"start":{"line":88,"column":45},"end":{"line":94,"column":3}},"line":88},"13":{"name":"(anonymous_13)","decl":{"start":{"line":106,"column":25},"end":{"line":106,"column":26}},"loc":{"start":{"line":107,"column":14},"end":{"line":109,"column":23}},"line":107},"14":{"name":"(anonymous_14)","decl":{"start":{"line":117,"column":25},"end":{"line":117,"column":26}},"loc":{"start":{"line":118,"column":12},"end":{"line":135,"column":18}},"line":118},"15":{"name":"(anonymous_15)","decl":{"start":{"line":121,"column":26},"end":{"line":121,"column":27}},"loc":{"start":{"line":121,"column":33},"end":{"line":121,"column":76}},"line":121},"16":{"name":"(anonymous_16)","decl":{"start":{"line":126,"column":25},"end":{"line":126,"column":26}},"loc":{"start":{"line":127,"column":18},"end":{"line":130,"column":19}},"line":127}},"branchMap":{"0":{"loc":{"start":{"line":36,"column":4},"end":{"line":56,"column":5}},"type":"if","locations":[{"start":{"line":36,"column":4},"end":{"line":56,"column":5}},{"start":{},"end":{}}],"line":36}},"s":{"0":1,"1":1,"2":1,"3":1,"4":1,"5":1,"6":0,"7":0,"8":0,"9":0,"10":0,"11":0,"12":0,"13":0,"14":1,"15":0,"16":0,"17":0,"18":0,"19":0,"20":0,"21":0,"22":0,"23":0,"24":0,"25":0,"26":0,"27":1,"28":0,"29":0,"30":0,"31":0,"32":1,"33":0,"34":0,"35":0,"36":0,"37":0,"38":0,"39":0,"40":1,"41":0,"42":0,"43":1,"44":0,"45":0,"46":0,"47":0},"f":{"0":1,"1":0,"2":0,"3":0,"4":0,"5":0,"6":0,"7":0,"8":0,"9":0,"10":0,"11":0,"12":0,"13":0,"14":0,"15":0,"16":0},"b":{"0":[0,0]},"_coverageSchema":"1a1c01bbd47fc00a2c39e90264f33305004495a9","hash":"6e9dac8e6b878dfb0a19343b5189ba62e8c4d4cb"}
,"C:\\Users\\natef\\Code\\SE492\\sdmay24-35\\frontend\\src\\routes\\forgotPassword.js": {"path":"C:\\Users\\natef\\Code\\SE492\\sdmay24-35\\frontend\\src\\routes\\forgotPassword.js","statementMap":{"0":{"start":{"line":7,"column":19},"end":{"line":7,"column":28}},"1":{"start":{"line":9,"column":2},"end":{"line":35,"column":4}}},"fnMap":{"0":{"name":"ForgotPassword","decl":{"start":{"line":6,"column":24},"end":{"line":6,"column":38}},"loc":{"start":{"line":6,"column":41},"end":{"line":36,"column":1}},"line":6}},"branchMap":{},"s":{"0":1,"1":1},"f":{"0":1},"b":{},"_coverageSchema":"1a1c01bbd47fc00a2c39e90264f33305004495a9","hash":"13d41d1b055d894cc018af60eae7e9cafd8a38ac"}
,"C:\\Users\\natef\\Code\\SE492\\sdmay24-35\\frontend\\src\\routes\\home.js": {"path":"C:\\Users\\natef\\Code\\SE492\\sdmay24-35\\frontend\\src\\routes\\home.js","statementMap":{"0":{"start":{"line":8,"column":16},"end":{"line":8,"column":48}},"1":{"start":{"line":9,"column":15},"end":{"line":9,"column":46}},"2":{"start":{"line":12,"column":2},"end":{"line":62,"column":4}}},"fnMap":{"0":{"name":"Landing","decl":{"start":{"line":11,"column":24},"end":{"line":11,"column":31}},"loc":{"start":{"line":11,"column":34},"end":{"line":63,"column":1}},"line":11}},"branchMap":{},"s":{"0":1,"1":1,"2":2},"f":{"0":2},"b":{},"_coverageSchema":"1a1c01bbd47fc00a2c39e90264f33305004495a9","hash":"20c7ae7aed2cffaf1c93cdfa27312d5d8ec4aa8a"}
,"C:\\Users\\natef\\Code\\SE492\\sdmay24-35\\frontend\\src\\routes\\landing.js": {"path":"C:\\Users\\natef\\Code\\SE492\\sdmay24-35\\frontend\\src\\routes\\landing.js","statementMap":{"0":{"start":{"line":8,"column":22},"end":{"line":8,"column":31}},"1":{"start":{"line":10,"column":2},"end":{"line":12,"column":9}},"2":{"start":{"line":11,"column":4},"end":{"line":11,"column":68}},"3":{"start":{"line":14,"column":2},"end":{"line":30,"column":4}}},"fnMap":{"0":{"name":"Home","decl":{"start":{"line":7,"column":24},"end":{"line":7,"column":28}},"loc":{"start":{"line":7,"column":31},"end":{"line":31,"column":1}},"line":7},"1":{"name":"(anonymous_1)","decl":{"start":{"line":10,"column":12},"end":{"line":10,"column":13}},"loc":{"start":{"line":10,"column":18},"end":{"line":12,"column":3}},"line":10}},"branchMap":{},"s":{"0":1,"1":1,"2":0,"3":1},"f":{"0":1,"1":0},"b":{},"_coverageSchema":"1a1c01bbd47fc00a2c39e90264f33305004495a9","hash":"ad321f646be3d98ccd963e1eb3e7a3a5563753f0"}
,"C:\\Users\\natef\\Code\\SE492\\sdmay24-35\\frontend\\src\\routes\\login.js": {"path":"C:\\Users\\natef\\Code\\SE492\\sdmay24-35\\frontend\\src\\routes\\login.js","statementMap":{"0":{"start":{"line":8,"column":12},"end":{"line":8,"column":23}},"1":{"start":{"line":11,"column":22},"end":{"line":11,"column":31}},"2":{"start":{"line":12,"column":19},"end":{"line":12,"column":32}},"3":{"start":{"line":14,"column":28},"end":{"line":14,"column":44}},"4":{"start":{"line":15,"column":34},"end":{"line":15,"column":50}},"5":{"start":{"line":16,"column":42},"end":{"line":16,"column":58}},"6":{"start":{"line":18,"column":2},"end":{"line":20,"column":9}},"7":{"start":{"line":19,"column":4},"end":{"line":19,"column":68}},"8":{"start":{"line":22,"column":16},"end":{"line":53,"column":3}},"9":{"start":{"line":23,"column":4},"end":{"line":23,"column":24}},"10":{"start":{"line":24,"column":16},"end":{"line":24,"column":57}},"11":{"start":{"line":25,"column":4},"end":{"line":25,"column":21}},"12":{"start":{"line":26,"column":4},"end":{"line":52,"column":9}},"13":{"start":{"line":31,"column":8},"end":{"line":31,"column":30}},"14":{"start":{"line":32,"column":8},"end":{"line":43,"column":9}},"15":{"start":{"line":33,"column":30},"end":{"line":33,"column":57}},"16":{"start":{"line":34,"column":23},"end":{"line":34,"column":49}},"17":{"start":{"line":35,"column":10},"end":{"line":35,"column":58}},"18":{"start":{"line":36,"column":10},"end":{"line":36,"column":23}},"19":{"start":{"line":37,"column":10},"end":{"line":37,"column":26}},"20":{"start":{"line":38,"column":10},"end":{"line":42,"column":11}},"21":{"start":{"line":39,"column":12},"end":{"line":39,"column":35}},"22":{"start":{"line":41,"column":12},"end":{"line":41,"column":30}},"23":{"start":{"line":46,"column":8},"end":{"line":51,"column":9}},"24":{"start":{"line":47,"column":10},"end":{"line":47,"column":29}},"25":{"start":{"line":48,"column":10},"end":{"line":48,"column":57}},"26":{"start":{"line":50,"column":10},"end":{"line":50,"column":64}},"27":{"start":{"line":55,"column":2},"end":{"line":113,"column":4}},"28":{"start":{"line":81,"column":35},"end":{"line":81,"column":59}},"29":{"start":{"line":90,"column":35},"end":{"line":90,"column":62}}},"fnMap":{"0":{"name":"Login","decl":{"start":{"line":10,"column":24},"end":{"line":10,"column":29}},"loc":{"start":{"line":10,"column":32},"end":{"line":114,"column":1}},"line":10},"1":{"name":"(anonymous_1)","decl":{"start":{"line":18,"column":12},"end":{"line":18,"column":13}},"loc":{"start":{"line":18,"column":18},"end":{"line":20,"column":3}},"line":18},"2":{"name":"(anonymous_2)","decl":{"start":{"line":22,"column":16},"end":{"line":22,"column":17}},"loc":{"start":{"line":22,"column":22},"end":{"line":53,"column":3}},"line":22},"3":{"name":"(anonymous_3)","decl":{"start":{"line":30,"column":12},"end":{"line":30,"column":13}},"loc":{"start":{"line":30,"column":26},"end":{"line":44,"column":7}},"line":30},"4":{"name":"(anonymous_4)","decl":{"start":{"line":45,"column":13},"end":{"line":45,"column":14}},"loc":{"start":{"line":45,"column":24},"end":{"line":52,"column":7}},"line":45},"5":{"name":"(anonymous_5)","decl":{"start":{"line":81,"column":28},"end":{"line":81,"column":29}},"loc":{"start":{"line":81,"column":35},"end":{"line":81,"column":59}},"line":81},"6":{"name":"(anonymous_6)","decl":{"start":{"line":90,"column":28},"end":{"line":90,"column":29}},"loc":{"start":{"line":90,"column":35},"end":{"line":90,"column":62}},"line":90}},"branchMap":{"0":{"loc":{"start":{"line":32,"column":8},"end":{"line":43,"column":9}},"type":"if","locations":[{"start":{"line":32,"column":8},"end":{"line":43,"column":9}},{"start":{},"end":{}}],"line":32},"1":{"loc":{"start":{"line":38,"column":10},"end":{"line":42,"column":11}},"type":"if","locations":[{"start":{"line":38,"column":10},"end":{"line":42,"column":11}},{"start":{"line":40,"column":17},"end":{"line":42,"column":11}}],"line":38},"2":{"loc":{"start":{"line":46,"column":8},"end":{"line":51,"column":9}},"type":"if","locations":[{"start":{"line":46,"column":8},"end":{"line":51,"column":9}},{"start":{"line":49,"column":15},"end":{"line":51,"column":9}}],"line":46}},"s":{"0":1,"1":1,"2":1,"3":1,"4":1,"5":1,"6":1,"7":0,"8":1,"9":0,"10":0,"11":0,"12":0,"13":0,"14":0,"15":0,"16":0,"17":0,"18":0,"19":0,"20":0,"21":0,"22":0,"23":0,"24":0,"25":0,"26":0,"27":1,"28":0,"29":0},"f":{"0":1,"1":0,"2":0,"3":0,"4":0,"5":0,"6":0},"b":{"0":[0,0],"1":[0,0],"2":[0,0]},"_coverageSchema":"1a1c01bbd47fc00a2c39e90264f33305004495a9","hash":"d8e91a38331953bd810778b6701a420daae6ae4b"}
,"C:\\Users\\natef\\Code\\SE492\\sdmay24-35\\frontend\\src\\routes\\navbar.js": {"path":"C:\\Users\\natef\\Code\\SE492\\sdmay24-35\\frontend\\src\\routes\\navbar.js","statementMap":{"0":{"start":{"line":6,"column":32},"end":{"line":6,"column":47}},"1":{"start":{"line":8,"column":20},"end":{"line":10,"column":3}},"2":{"start":{"line":9,"column":4},"end":{"line":9,"column":25}},"3":{"start":{"line":12,"column":2},"end":{"line":52,"column":4}}},"fnMap":{"0":{"name":"NavBar","decl":{"start":{"line":5,"column":24},"end":{"line":5,"column":30}},"loc":{"start":{"line":5,"column":33},"end":{"line":53,"column":1}},"line":5},"1":{"name":"(anonymous_1)","decl":{"start":{"line":8,"column":20},"end":{"line":8,"column":21}},"loc":{"start":{"line":8,"column":26},"end":{"line":10,"column":3}},"line":8}},"branchMap":{"0":{"loc":{"start":{"line":20,"column":12},"end":{"line":20,"column":67}},"type":"cond-expr","locations":[{"start":{"line":20,"column":22},"end":{"line":20,"column":48}},{"start":{"line":20,"column":51},"end":{"line":20,"column":67}}],"line":20},"1":{"loc":{"start":{"line":28,"column":26},"end":{"line":28,"column":74}},"type":"cond-expr","locations":[{"start":{"line":28,"column":36},"end":{"line":28,"column":57}},{"start":{"line":28,"column":60},"end":{"line":28,"column":74}}],"line":28}},"s":{"0":7,"1":5,"2":0,"3":5},"f":{"0":7,"1":0},"b":{"0":[0,5],"1":[0,5]},"_coverageSchema":"1a1c01bbd47fc00a2c39e90264f33305004495a9","hash":"12e202ca594603a760476e8c223809806683bafe"}
,"C:\\Users\\natef\\Code\\SE492\\sdmay24-35\\frontend\\src\\routes\\profile.js": {"path":"C:\\Users\\natef\\Code\\SE492\\sdmay24-35\\frontend\\src\\routes\\profile.js","statementMap":{"0":{"start":{"line":12,"column":12},"end":{"line":12,"column":23}},"1":{"start":{"line":14,"column":0},"end":{"line":14,"column":56}},"2":{"start":{"line":17,"column":19},"end":{"line":17,"column":32}},"3":{"start":{"line":18,"column":19},"end":{"line":18,"column":28}},"4":{"start":{"line":20,"column":36},"end":{"line":20,"column":58}},"5":{"start":{"line":21,"column":32},"end":{"line":21,"column":50}},"6":{"start":{"line":22,"column":40},"end":{"line":22,"column":58}},"7":{"start":{"line":23,"column":34},"end":{"line":23,"column":52}},"8":{"start":{"line":24,"column":44},"end":{"line":24,"column":62}},"9":{"start":{"line":25,"column":36},"end":{"line":25,"column":59}},"10":{"start":{"line":26,"column":36},"end":{"line":26,"column":59}},"11":{"start":{"line":27,"column":36},"end":{"line":27,"column":59}},"12":{"start":{"line":28,"column":36},"end":{"line":28,"column":59}},"13":{"start":{"line":29,"column":36},"end":{"line":29,"column":59}},"14":{"start":{"line":30,"column":36},"end":{"line":30,"column":59}},"15":{"start":{"line":31,"column":40},"end":{"line":31,"column":56}},"16":{"start":{"line":32,"column":40},"end":{"line":32,"column":56}},"17":{"start":{"line":34,"column":14},"end":{"line":34,"column":18}},"18":{"start":{"line":36,"column":2},"end":{"line":114,"column":9}},"19":{"start":{"line":37,"column":16},"end":{"line":37,"column":70}},"20":{"start":{"line":38,"column":4},"end":{"line":38,"column":21}},"21":{"start":{"line":40,"column":4},"end":{"line":113,"column":9}},"22":{"start":{"line":44,"column":8},"end":{"line":44,"column":46}},"23":{"start":{"line":45,"column":23},"end":{"line":45,"column":41}},"24":{"start":{"line":47,"column":8},"end":{"line":108,"column":9}},"25":{"start":{"line":48,"column":10},"end":{"line":48,"column":29}},"26":{"start":{"line":49,"column":10},"end":{"line":49,"column":52}},"27":{"start":{"line":50,"column":10},"end":{"line":50,"column":46}},"28":{"start":{"line":51,"column":10},"end":{"line":51,"column":79}},"29":{"start":{"line":52,"column":10},"end":{"line":58,"column":12}},"30":{"start":{"line":59,"column":10},"end":{"line":65,"column":12}},"31":{"start":{"line":66,"column":10},"end":{"line":72,"column":12}},"32":{"start":{"line":73,"column":10},"end":{"line":79,"column":12}},"33":{"start":{"line":80,"column":10},"end":{"line":86,"column":12}},"34":{"start":{"line":87,"column":10},"end":{"line":93,"column":12}},"35":{"start":{"line":95,"column":26},"end":{"line":95,"column":39}},"36":{"start":{"line":96,"column":32},"end":{"line":96,"column":34}},"37":{"start":{"line":97,"column":10},"end":{"line":101,"column":11}},"38":{"start":{"line":98,"column":25},"end":{"line":98,"column":74}},"39":{"start":{"line":99,"column":12},"end":{"line":99,"column":39}},"40":{"start":{"line":100,"column":12},"end":{"line":100,"column":24}},"41":{"start":{"line":102,"column":10},"end":{"line":102,"column":42}},"42":{"start":{"line":103,"column":10},"end":{"line":103,"column":42}},"43":{"start":{"line":104,"column":10},"end":{"line":104,"column":68}},"44":{"start":{"line":106,"column":10},"end":{"line":106,"column":67}},"45":{"start":{"line":107,"column":10},"end":{"line":107,"column":68}},"46":{"start":{"line":111,"column":8},"end":{"line":111,"column":27}},"47":{"start":{"line":112,"column":8},"end":{"line":112,"column":56}},"48":{"start":{"line":116,"column":29},"end":{"line":289,"column":3}},"49":{"start":{"line":117,"column":4},"end":{"line":117,"column":63}},"50":{"start":{"line":120,"column":14},"end":{"line":120,"column":79}},"51":{"start":{"line":123,"column":16},"end":{"line":123,"column":27}},"52":{"start":{"line":126,"column":22},"end":{"line":126,"column":54}},"53":{"start":{"line":128,"column":6},"end":{"line":129,"column":30}},"54":{"start":{"line":130,"column":20},"end":{"line":130,"column":47}},"55":{"start":{"line":133,"column":4},"end":{"line":133,"column":53}},"56":{"start":{"line":134,"column":4},"end":{"line":134,"column":29}},"57":{"start":{"line":137,"column":4},"end":{"line":137,"column":32}},"58":{"start":{"line":138,"column":4},"end":{"line":138,"column":47}},"59":{"start":{"line":140,"column":4},"end":{"line":140,"column":32}},"60":{"start":{"line":141,"column":4},"end":{"line":141,"column":47}},"61":{"start":{"line":143,"column":4},"end":{"line":143,"column":32}},"62":{"start":{"line":144,"column":4},"end":{"line":144,"column":47}},"63":{"start":{"line":146,"column":4},"end":{"line":146,"column":32}},"64":{"start":{"line":147,"column":4},"end":{"line":147,"column":47}},"65":{"start":{"line":149,"column":4},"end":{"line":149,"column":32}},"66":{"start":{"line":150,"column":4},"end":{"line":150,"column":48}},"67":{"start":{"line":152,"column":4},"end":{"line":152,"column":32}},"68":{"start":{"line":153,"column":4},"end":{"line":153,"column":48}},"69":{"start":{"line":156,"column":25},"end":{"line":163,"column":5}},"70":{"start":{"line":165,"column":4},"end":{"line":165,"column":24}},"71":{"start":{"line":166,"column":4},"end":{"line":166,"column":29}},"72":{"start":{"line":168,"column":23},"end":{"line":168,"column":25}},"73":{"start":{"line":169,"column":4},"end":{"line":169,"column":71}},"74":{"start":{"line":171,"column":4},"end":{"line":171,"column":71}},"75":{"start":{"line":173,"column":4},"end":{"line":173,"column":71}},"76":{"start":{"line":175,"column":4},"end":{"line":175,"column":71}},"77":{"start":{"line":177,"column":4},"end":{"line":177,"column":72}},"78":{"start":{"line":179,"column":4},"end":{"line":179,"column":72}},"79":{"start":{"line":182,"column":30},"end":{"line":186,"column":6}},"80":{"start":{"line":183,"column":6},"end":{"line":185,"column":9}},"81":{"start":{"line":184,"column":8},"end":{"line":184,"column":26}},"82":{"start":{"line":189,"column":29},"end":{"line":189,"column":52}},"83":{"start":{"line":192,"column":4},"end":{"line":192,"column":61}},"84":{"start":{"line":195,"column":4},"end":{"line":195,"column":18}},"85":{"start":{"line":198,"column":4},"end":{"line":198,"column":32}},"86":{"start":{"line":199,"column":4},"end":{"line":199,"column":47}},"87":{"start":{"line":201,"column":4},"end":{"line":201,"column":32}},"88":{"start":{"line":202,"column":4},"end":{"line":202,"column":48}},"89":{"start":{"line":204,"column":4},"end":{"line":204,"column":32}},"90":{"start":{"line":205,"column":4},"end":{"line":205,"column":48}},"91":{"start":{"line":207,"column":4},"end":{"line":207,"column":32}},"92":{"start":{"line":208,"column":4},"end":{"line":208,"column":49}},"93":{"start":{"line":210,"column":4},"end":{"line":210,"column":32}},"94":{"start":{"line":211,"column":4},"end":{"line":211,"column":48}},"95":{"start":{"line":213,"column":4},"end":{"line":213,"column":32}},"96":{"start":{"line":214,"column":4},"end":{"line":214,"column":49}},"97":{"start":{"line":216,"column":19},"end":{"line":223,"column":5}},"98":{"start":{"line":225,"column":4},"end":{"line":225,"column":24}},"99":{"start":{"line":227,"column":4},"end":{"line":227,"column":65}},"100":{"start":{"line":229,"column":4},"end":{"line":229,"column":66}},"101":{"start":{"line":231,"column":4},"end":{"line":231,"column":66}},"102":{"start":{"line":233,"column":4},"end":{"line":233,"column":67}},"103":{"start":{"line":235,"column":4},"end":{"line":235,"column":66}},"104":{"start":{"line":237,"column":4},"end":{"line":237,"column":67}},"105":{"start":{"line":239,"column":21},"end":{"line":270,"column":5}},"106":{"start":{"line":272,"column":4},"end":{"line":272,"column":24}},"107":{"start":{"line":273,"column":23},"end":{"line":273,"column":26}},"108":{"start":{"line":274,"column":4},"end":{"line":274,"column":67}},"109":{"start":{"line":276,"column":4},"end":{"line":276,"column":67}},"110":{"start":{"line":278,"column":4},"end":{"line":278,"column":68}},"111":{"start":{"line":280,"column":4},"end":{"line":280,"column":68}},"112":{"start":{"line":282,"column":4},"end":{"line":282,"column":68}},"113":{"start":{"line":284,"column":4},"end":{"line":284,"column":68}},"114":{"start":{"line":287,"column":4},"end":{"line":287,"column":47}},"115":{"start":{"line":288,"column":4},"end":{"line":288,"column":63}},"116":{"start":{"line":291,"column":21},"end":{"line":344,"column":3}},"117":{"start":{"line":292,"column":4},"end":{"line":292,"column":39}},"118":{"start":{"line":294,"column":4},"end":{"line":300,"column":6}},"119":{"start":{"line":301,"column":4},"end":{"line":307,"column":6}},"120":{"start":{"line":308,"column":4},"end":{"line":314,"column":6}},"121":{"start":{"line":315,"column":4},"end":{"line":321,"column":6}},"122":{"start":{"line":322,"column":4},"end":{"line":328,"column":6}},"123":{"start":{"line":329,"column":4},"end":{"line":335,"column":6}},"124":{"start":{"line":337,"column":4},"end":{"line":341,"column":5}},"125":{"start":{"line":338,"column":6},"end":{"line":338,"column":68}},"126":{"start":{"line":340,"column":6},"end":{"line":340,"column":52}},"127":{"start":{"line":342,"column":4},"end":{"line":342,"column":54}},"128":{"start":{"line":343,"column":4},"end":{"line":343,"column":32}},"129":{"start":{"line":346,"column":25},"end":{"line":360,"column":3}},"130":{"start":{"line":347,"column":22},"end":{"line":347,"column":26}},"131":{"start":{"line":348,"column":4},"end":{"line":353,"column":5}},"132":{"start":{"line":349,"column":6},"end":{"line":349,"column":39}},"133":{"start":{"line":350,"column":6},"end":{"line":350,"column":31}},"134":{"start":{"line":352,"column":6},"end":{"line":352,"column":24}},"135":{"start":{"line":355,"column":4},"end":{"line":359,"column":5}},"136":{"start":{"line":356,"column":6},"end":{"line":356,"column":68}},"137":{"start":{"line":358,"column":6},"end":{"line":358,"column":52}},"138":{"start":{"line":362,"column":26},"end":{"line":370,"column":3}},"139":{"start":{"line":363,"column":4},"end":{"line":369,"column":5}},"140":{"start":{"line":364,"column":6},"end":{"line":364,"column":26}},"141":{"start":{"line":365,"column":6},"end":{"line":365,"column":49}},"142":{"start":{"line":367,"column":6},"end":{"line":367,"column":29}},"143":{"start":{"line":368,"column":6},"end":{"line":368,"column":65}},"144":{"start":{"line":372,"column":2},"end":{"line":537,"column":4}},"145":{"start":{"line":395,"column":59},"end":{"line":395,"column":78}},"146":{"start":{"line":423,"column":35},"end":{"line":423,"column":61}},"147":{"start":{"line":426,"column":20},"end":{"line":428,"column":29}},"148":{"start":{"line":437,"column":35},"end":{"line":437,"column":65}},"149":{"start":{"line":441,"column":20},"end":{"line":446,"column":29}}},"fnMap":{"0":{"name":"Results","decl":{"start":{"line":16,"column":24},"end":{"line":16,"column":31}},"loc":{"start":{"line":16,"column":34},"end":{"line":538,"column":1}},"line":16},"1":{"name":"(anonymous_1)","decl":{"start":{"line":36,"column":12},"end":{"line":36,"column":13}},"loc":{"start":{"line":36,"column":18},"end":{"line":114,"column":3}},"line":36},"2":{"name":"(anonymous_2)","decl":{"start":{"line":43,"column":12},"end":{"line":43,"column":13}},"loc":{"start":{"line":43,"column":26},"end":{"line":109,"column":7}},"line":43},"3":{"name":"(anonymous_3)","decl":{"start":{"line":110,"column":13},"end":{"line":110,"column":14}},"loc":{"start":{"line":110,"column":24},"end":{"line":113,"column":7}},"line":110},"4":{"name":"(anonymous_4)","decl":{"start":{"line":116,"column":29},"end":{"line":116,"column":30}},"loc":{"start":{"line":116,"column":41},"end":{"line":289,"column":3}},"line":116},"5":{"name":"(anonymous_5)","decl":{"start":{"line":182,"column":42},"end":{"line":182,"column":43}},"loc":{"start":{"line":182,"column":63},"end":{"line":186,"column":5}},"line":182},"6":{"name":"(anonymous_6)","decl":{"start":{"line":183,"column":27},"end":{"line":183,"column":28}},"loc":{"start":{"line":183,"column":41},"end":{"line":185,"column":7}},"line":183},"7":{"name":"(anonymous_7)","decl":{"start":{"line":291,"column":21},"end":{"line":291,"column":22}},"loc":{"start":{"line":291,"column":36},"end":{"line":344,"column":3}},"line":291},"8":{"name":"(anonymous_8)","decl":{"start":{"line":346,"column":25},"end":{"line":346,"column":26}},"loc":{"start":{"line":346,"column":40},"end":{"line":360,"column":3}},"line":346},"9":{"name":"(anonymous_9)","decl":{"start":{"line":362,"column":26},"end":{"line":362,"column":27}},"loc":{"start":{"line":362,"column":32},"end":{"line":370,"column":3}},"line":362},"10":{"name":"(anonymous_10)","decl":{"start":{"line":395,"column":53},"end":{"line":395,"column":54}},"loc":{"start":{"line":395,"column":59},"end":{"line":395,"column":78}},"line":395},"11":{"name":"(anonymous_11)","decl":{"start":{"line":423,"column":28},"end":{"line":423,"column":29}},"loc":{"start":{"line":423,"column":35},"end":{"line":423,"column":61}},"line":423},"12":{"name":"(anonymous_12)","decl":{"start":{"line":425,"column":35},"end":{"line":425,"column":36}},"loc":{"start":{"line":426,"column":20},"end":{"line":428,"column":29}},"line":426},"13":{"name":"(anonymous_13)","decl":{"start":{"line":437,"column":28},"end":{"line":437,"column":29}},"loc":{"start":{"line":437,"column":35},"end":{"line":437,"column":65}},"line":437},"14":{"name":"(anonymous_14)","decl":{"start":{"line":440,"column":35},"end":{"line":440,"column":36}},"loc":{"start":{"line":441,"column":20},"end":{"line":446,"column":29}},"line":441}},"branchMap":{"0":{"loc":{"start":{"line":47,"column":8},"end":{"line":108,"column":9}},"type":"if","locations":[{"start":{"line":47,"column":8},"end":{"line":108,"column":9}},{"start":{"line":105,"column":15},"end":{"line":108,"column":9}}],"line":47},"1":{"loc":{"start":{"line":54,"column":14},"end":{"line":56,"column":181}},"type":"cond-expr","locations":[{"start":{"line":55,"column":18},"end":{"line":55,"column":178}},{"start":{"line":56,"column":18},"end":{"line":56,"column":181}}],"line":54},"2":{"loc":{"start":{"line":61,"column":14},"end":{"line":63,"column":189}},"type":"cond-expr","locations":[{"start":{"line":62,"column":18},"end":{"line":62,"column":194}},{"start":{"line":63,"column":18},"end":{"line":63,"column":189}}],"line":61},"3":{"loc":{"start":{"line":68,"column":14},"end":{"line":70,"column":116}},"type":"cond-expr","locations":[{"start":{"line":69,"column":18},"end":{"line":69,"column":108}},{"start":{"line":70,"column":18},"end":{"line":70,"column":116}}],"line":68},"4":{"loc":{"start":{"line":75,"column":14},"end":{"line":77,"column":242}},"type":"cond-expr","locations":[{"start":{"line":76,"column":18},"end":{"line":76,"column":126}},{"start":{"line":77,"column":18},"end":{"line":77,"column":242}}],"line":75},"5":{"loc":{"start":{"line":82,"column":14},"end":{"line":84,"column":294}},"type":"cond-expr","locations":[{"start":{"line":83,"column":18},"end":{"line":83,"column":134}},{"start":{"line":84,"column":18},"end":{"line":84,"column":294}}],"line":82},"6":{"loc":{"start":{"line":89,"column":14},"end":{"line":91,"column":115}},"type":"cond-expr","locations":[{"start":{"line":90,"column":18},"end":{"line":90,"column":112}},{"start":{"line":91,"column":18},"end":{"line":91,"column":115}}],"line":89},"7":{"loc":{"start":{"line":241,"column":8},"end":{"line":243,"column":175}},"type":"cond-expr","locations":[{"start":{"line":242,"column":12},"end":{"line":242,"column":172}},{"start":{"line":243,"column":12},"end":{"line":243,"column":175}}],"line":241},"8":{"loc":{"start":{"line":246,"column":8},"end":{"line":248,"column":183}},"type":"cond-expr","locations":[{"start":{"line":247,"column":12},"end":{"line":247,"column":188}},{"start":{"line":248,"column":12},"end":{"line":248,"column":183}}],"line":246},"9":{"loc":{"start":{"line":251,"column":8},"end":{"line":253,"column":110}},"type":"cond-expr","locations":[{"start":{"line":252,"column":12},"end":{"line":252,"column":102}},{"start":{"line":253,"column":12},"end":{"line":253,"column":110}}],"line":251},"10":{"loc":{"start":{"line":256,"column":8},"end":{"line":258,"column":236}},"type":"cond-expr","locations":[{"start":{"line":257,"column":12},"end":{"line":257,"column":120}},{"start":{"line":258,"column":12},"end":{"line":258,"column":236}}],"line":256},"11":{"loc":{"start":{"line":261,"column":8},"end":{"line":263,"column":288}},"type":"cond-expr","locations":[{"start":{"line":262,"column":12},"end":{"line":262,"column":128}},{"start":{"line":263,"column":12},"end":{"line":263,"column":288}}],"line":261},"12":{"loc":{"start":{"line":266,"column":8},"end":{"line":268,"column":109}},"type":"cond-expr","locations":[{"start":{"line":267,"column":12},"end":{"line":267,"column":106}},{"start":{"line":268,"column":12},"end":{"line":268,"column":109}}],"line":266},"13":{"loc":{"start":{"line":296,"column":8},"end":{"line":298,"column":175}},"type":"cond-expr","locations":[{"start":{"line":297,"column":12},"end":{"line":297,"column":172}},{"start":{"line":298,"column":12},"end":{"line":298,"column":175}}],"line":296},"14":{"loc":{"start":{"line":303,"column":8},"end":{"line":305,"column":183}},"type":"cond-expr","locations":[{"start":{"line":304,"column":12},"end":{"line":304,"column":188}},{"start":{"line":305,"column":12},"end":{"line":305,"column":183}}],"line":303},"15":{"loc":{"start":{"line":310,"column":8},"end":{"line":312,"column":110}},"type":"cond-expr","locations":[{"start":{"line":311,"column":12},"end":{"line":311,"column":102}},{"start":{"line":312,"column":12},"end":{"line":312,"column":110}}],"line":310},"16":{"loc":{"start":{"line":317,"column":8},"end":{"line":319,"column":236}},"type":"cond-expr","locations":[{"start":{"line":318,"column":12},"end":{"line":318,"column":120}},{"start":{"line":319,"column":12},"end":{"line":319,"column":236}}],"line":317},"17":{"loc":{"start":{"line":324,"column":8},"end":{"line":326,"column":288}},"type":"cond-expr","locations":[{"start":{"line":325,"column":12},"end":{"line":325,"column":128}},{"start":{"line":326,"column":12},"end":{"line":326,"column":288}}],"line":324},"18":{"loc":{"start":{"line":331,"column":8},"end":{"line":333,"column":109}},"type":"cond-expr","locations":[{"start":{"line":332,"column":12},"end":{"line":332,"column":106}},{"start":{"line":333,"column":12},"end":{"line":333,"column":109}}],"line":331},"19":{"loc":{"start":{"line":337,"column":4},"end":{"line":341,"column":5}},"type":"if","locations":[{"start":{"line":337,"column":4},"end":{"line":341,"column":5}},{"start":{"line":339,"column":11},"end":{"line":341,"column":5}}],"line":337},"20":{"loc":{"start":{"line":348,"column":4},"end":{"line":353,"column":5}},"type":"if","locations":[{"start":{"line":348,"column":4},"end":{"line":353,"column":5}},{"start":{"line":351,"column":11},"end":{"line":353,"column":5}}],"line":348},"21":{"loc":{"start":{"line":355,"column":4},"end":{"line":359,"column":5}},"type":"if","locations":[{"start":{"line":355,"column":4},"end":{"line":359,"column":5}},{"start":{"line":357,"column":11},"end":{"line":359,"column":5}}],"line":355},"22":{"loc":{"start":{"line":363,"column":4},"end":{"line":369,"column":5}},"type":"if","locations":[{"start":{"line":363,"column":4},"end":{"line":369,"column":5}},{"start":{"line":366,"column":11},"end":{"line":369,"column":5}}],"line":363},"23":{"loc":{"start":{"line":452,"column":17},"end":{"line":454,"column":42}},"type":"cond-expr","locations":[{"start":{"line":453,"column":20},"end":{"line":453,"column":39}},{"start":{"line":454,"column":20},"end":{"line":454,"column":42}}],"line":452}},"s":{"0":1,"1":1,"2":1,"3":1,"4":1,"5":1,"6":1,"7":1,"8":1,"9":1,"10":1,"11":1,"12":1,"13":1,"14":1,"15":1,"16":1,"17":1,"18":1,"19":1,"20":1,"21":1,"22":1,"23":1,"24":1,"25":0,"26":0,"27":0,"28":0,"29":0,"30":0,"31":0,"32":0,"33":0,"34":0,"35":0,"36":0,"37":0,"38":0,"39":0,"40":0,"41":0,"42":0,"43":0,"44":1,"45":1,"46":0,"47":0,"48":1,"49":0,"50":0,"51":0,"52":0,"53":0,"54":0,"55":0,"56":0,"57":0,"58":0,"59":0,"60":0,"61":0,"62":0,"63":0,"64":0,"65":0,"66":0,"67":0,"68":0,"69":0,"70":0,"71":0,"72":0,"73":0,"74":0,"75":0,"76":0,"77":0,"78":0,"79":0,"80":0,"81":0,"82":0,"83":0,"84":0,"85":0,"86":0,"87":0,"88":0,"89":0,"90":0,"91":0,"92":0,"93":0,"94":0,"95":0,"96":0,"97":0,"98":0,"99":0,"100":0,"101":0,"102":0,"103":0,"104":0,"105":0,"106":0,"107":0,"108":0,"109":0,"110":0,"111":0,"112":0,"113":0,"114":0,"115":0,"116":1,"117":0,"118":0,"119":0,"120":0,"121":0,"122":0,"123":0,"124":0,"125":0,"126":0,"127":0,"128":0,"129":1,"130":0,"131":0,"132":0,"133":0,"134":0,"135":0,"136":0,"137":0,"138":1,"139":0,"140":0,"141":0,"142":0,"143":0,"144":1,"145":0,"146":0,"147":0,"148":0,"149":0},"f":{"0":1,"1":1,"2":1,"3":0,"4":0,"5":0,"6":0,"7":0,"8":0,"9":0,"10":0,"11":0,"12":0,"13":0,"14":0},"b":{"0":[0,1],"1":[0,0],"2":[0,0],"3":[0,0],"4":[0,0],"5":[0,0],"6":[0,0],"7":[0,0],"8":[0,0],"9":[0,0],"10":[0,0],"11":[0,0],"12":[0,0],"13":[0,0],"14":[0,0],"15":[0,0],"16":[0,0],"17":[0,0],"18":[0,0],"19":[0,0],"20":[0,0],"21":[0,0],"22":[0,0],"23":[1,0]},"_coverageSchema":"1a1c01bbd47fc00a2c39e90264f33305004495a9","hash":"9c83b41e817136bda0c018f2ba82269b62c7c839"}
,"C:\\Users\\natef\\Code\\SE492\\sdmay24-35\\frontend\\src\\routes\\requireAuth.js": {"path":"C:\\Users\\natef\\Code\\SE492\\sdmay24-35\\frontend\\src\\routes\\requireAuth.js","statementMap":{"0":{"start":{"line":4,"column":20},"end":{"line":15,"column":1}},"1":{"start":{"line":5,"column":19},"end":{"line":5,"column":28}},"2":{"start":{"line":6,"column":19},"end":{"line":6,"column":32}},"3":{"start":{"line":8,"column":2},"end":{"line":14,"column":4}}},"fnMap":{"0":{"name":"(anonymous_0)","decl":{"start":{"line":4,"column":20},"end":{"line":4,"column":21}},"loc":{"start":{"line":4,"column":42},"end":{"line":15,"column":1}},"line":4}},"branchMap":{"0":{"loc":{"start":{"line":8,"column":9},"end":{"line":14,"column":3}},"type":"cond-expr","locations":[{"start":{"line":9,"column":4},"end":{"line":9,"column":14}},{"start":{"line":10,"column":6},"end":{"line":14,"column":3}}],"line":8},"1":{"loc":{"start":{"line":8,"column":9},"end":{"line":8,"column":55}},"type":"binary-expr","locations":[{"start":{"line":8,"column":9},"end":{"line":8,"column":19}},{"start":{"line":8,"column":23},"end":{"line":8,"column":55}}],"line":8},"2":{"loc":{"start":{"line":10,"column":6},"end":{"line":14,"column":3}},"type":"cond-expr","locations":[{"start":{"line":11,"column":4},"end":{"line":11,"column":70}},{"start":{"line":13,"column":4},"end":{"line":13,"column":63}}],"line":10}},"s":{"0":1,"1":1,"2":1,"3":1},"f":{"0":1},"b":{"0":[0,1],"1":[1,0],"2":[0,1]},"_coverageSchema":"1a1c01bbd47fc00a2c39e90264f33305004495a9","hash":"387324d985f3874cd1789703c1f589452153dce8"}
,"C:\\Users\\natef\\Code\\SE492\\sdmay24-35\\frontend\\src\\routes\\signup.js": {"path":"C:\\Users\\natef\\Code\\SE492\\sdmay24-35\\frontend\\src\\routes\\signup.js","statementMap":{"0":{"start":{"line":9,"column":12},"end":{"line":9,"column":23}},"1":{"start":{"line":12,"column":22},"end":{"line":12,"column":31}},"2":{"start":{"line":13,"column":19},"end":{"line":13,"column":32}},"3":{"start":{"line":15,"column":28},"end":{"line":15,"column":40}},"4":{"start":{"line":16,"column":34},"end":{"line":16,"column":46}},"5":{"start":{"line":17,"column":36},"end":{"line":17,"column":48}},"6":{"start":{"line":19,"column":38},"end":{"line":19,"column":50}},"7":{"start":{"line":20,"column":44},"end":{"line":20,"column":56}},"8":{"start":{"line":21,"column":46},"end":{"line":21,"column":58}},"9":{"start":{"line":23,"column":46},"end":{"line":23,"column":61}},"10":{"start":{"line":24,"column":42},"end":{"line":24,"column":58}},"11":{"start":{"line":26,"column":2},"end":{"line":26,"column":40}},"12":{"start":{"line":28,"column":2},"end":{"line":30,"column":9}},"13":{"start":{"line":29,"column":4},"end":{"line":29,"column":68}},"14":{"start":{"line":32,"column":19},"end":{"line":68,"column":3}},"15":{"start":{"line":33,"column":4},"end":{"line":36,"column":5}},"16":{"start":{"line":34,"column":6},"end":{"line":34,"column":63}},"17":{"start":{"line":35,"column":6},"end":{"line":35,"column":13}},"18":{"start":{"line":37,"column":16},"end":{"line":37,"column":58}},"19":{"start":{"line":38,"column":4},"end":{"line":38,"column":21}},"20":{"start":{"line":39,"column":4},"end":{"line":67,"column":9}},"21":{"start":{"line":44,"column":8},"end":{"line":44,"column":30}},"22":{"start":{"line":45,"column":8},"end":{"line":53,"column":9}},"23":{"start":{"line":46,"column":30},"end":{"line":46,"column":57}},"24":{"start":{"line":47,"column":23},"end":{"line":47,"column":29}},"25":{"start":{"line":48,"column":10},"end":{"line":48,"column":58}},"26":{"start":{"line":49,"column":10},"end":{"line":49,"column":34}},"27":{"start":{"line":50,"column":10},"end":{"line":50,"column":28}},"28":{"start":{"line":52,"column":10},"end":{"line":52,"column":35}},"29":{"start":{"line":56,"column":8},"end":{"line":56,"column":27}},"30":{"start":{"line":57,"column":8},"end":{"line":66,"column":9}},"31":{"start":{"line":63,"column":10},"end":{"line":63,"column":50}},"32":{"start":{"line":65,"column":10},"end":{"line":65,"column":49}},"33":{"start":{"line":70,"column":21},"end":{"line":99,"column":3}},"34":{"start":{"line":71,"column":4},"end":{"line":71,"column":22}},"35":{"start":{"line":72,"column":4},"end":{"line":72,"column":25}},"36":{"start":{"line":73,"column":4},"end":{"line":73,"column":26}},"37":{"start":{"line":74,"column":4},"end":{"line":74,"column":24}},"38":{"start":{"line":76,"column":4},"end":{"line":96,"column":5}},"39":{"start":{"line":77,"column":6},"end":{"line":77,"column":45}},"40":{"start":{"line":78,"column":6},"end":{"line":78,"column":13}},"41":{"start":{"line":79,"column":11},"end":{"line":96,"column":5}},"42":{"start":{"line":80,"column":6},"end":{"line":80,"column":50}},"43":{"start":{"line":81,"column":6},"end":{"line":81,"column":13}},"44":{"start":{"line":82,"column":11},"end":{"line":96,"column":5}},"45":{"start":{"line":83,"column":6},"end":{"line":83,"column":50}},"46":{"start":{"line":84,"column":6},"end":{"line":84,"column":13}},"47":{"start":{"line":85,"column":11},"end":{"line":96,"column":5}},"48":{"start":{"line":86,"column":6},"end":{"line":86,"column":75}},"49":{"start":{"line":87,"column":6},"end":{"line":87,"column":13}},"50":{"start":{"line":88,"column":11},"end":{"line":96,"column":5}},"51":{"start":{"line":89,"column":6},"end":{"line":89,"column":57}},"52":{"start":{"line":90,"column":6},"end":{"line":90,"column":13}},"53":{"start":{"line":91,"column":11},"end":{"line":96,"column":5}},"54":{"start":{"line":92,"column":6},"end":{"line":94,"column":8}},"55":{"start":{"line":95,"column":6},"end":{"line":95,"column":13}},"56":{"start":{"line":97,"column":4},"end":{"line":97,"column":15}},"57":{"start":{"line":98,"column":4},"end":{"line":98,"column":11}},"58":{"start":{"line":101,"column":2},"end":{"line":169,"column":4}},"59":{"start":{"line":127,"column":35},"end":{"line":127,"column":59}},"60":{"start":{"line":137,"column":35},"end":{"line":137,"column":62}},"61":{"start":{"line":147,"column":35},"end":{"line":147,"column":63}}},"fnMap":{"0":{"name":"SignUp","decl":{"start":{"line":11,"column":24},"end":{"line":11,"column":30}},"loc":{"start":{"line":11,"column":33},"end":{"line":170,"column":1}},"line":11},"1":{"name":"(anonymous_1)","decl":{"start":{"line":28,"column":12},"end":{"line":28,"column":13}},"loc":{"start":{"line":28,"column":18},"end":{"line":30,"column":3}},"line":28},"2":{"name":"(anonymous_2)","decl":{"start":{"line":32,"column":19},"end":{"line":32,"column":20}},"loc":{"start":{"line":32,"column":25},"end":{"line":68,"column":3}},"line":32},"3":{"name":"(anonymous_3)","decl":{"start":{"line":43,"column":12},"end":{"line":43,"column":13}},"loc":{"start":{"line":43,"column":26},"end":{"line":54,"column":7}},"line":43},"4":{"name":"(anonymous_4)","decl":{"start":{"line":55,"column":13},"end":{"line":55,"column":14}}
[...]
tart":{"line":531,"column":13},"end":{"line":546,"column":7}},"167":{"start":{"line":532,"column":8},"end":{"line":532,"column":51}},"168":{"start":{"line":533,"column":8},"end":{"line":533,"column":15}},"169":{"start":{"line":534,"column":13},"end":{"line":546,"column":7}},"170":{"start":{"line":535,"column":8},"end":{"line":535,"column":47}},"171":{"start":{"line":536,"column":8},"end":{"line":536,"column":15}},"172":{"start":{"line":537,"column":13},"end":{"line":546,"column":7}},"173":{"start":{"line":538,"column":8},"end":{"line":538,"column":53}},"174":{"start":{"line":539,"column":8},"end":{"line":539,"column":15}},"175":{"start":{"line":540,"column":13},"end":{"line":546,"column":7}},"176":{"start":{"line":541,"column":8},"end":{"line":541,"column":63}},"177":{"start":{"line":542,"column":8},"end":{"line":542,"column":15}},"178":{"start":{"line":543,"column":13},"end":{"line":546,"column":7}},"179":{"start":{"line":544,"column":8},"end":{"line":544,"column":69}},"180":{"start":{"line":545,"column":8},"end":{"line":545,"column":15}},"181":{"start":{"line":548,"column":6},"end":{"line":548,"column":34}},"182":{"start":{"line":549,"column":6},"end":{"line":559,"column":7}},"183":{"start":{"line":550,"column":16},"end":{"line":550,"column":32}},"184":{"start":{"line":554,"column":8},"end":{"line":558,"column":9}},"185":{"start":{"line":555,"column":10},"end":{"line":555,"column":59}},"186":{"start":{"line":556,"column":10},"end":{"line":556,"column":75}},"187":{"start":{"line":557,"column":10},"end":{"line":557,"column":17}},"188":{"start":{"line":561,"column":4},"end":{"line":561,"column":11}},"189":{"start":{"line":562,"column":4},"end":{"line":562,"column":11}},"190":{"start":{"line":566,"column":4},"end":{"line":590,"column":5}},"191":{"start":{"line":567,"column":6},"end":{"line":573,"column":8}},"192":{"start":{"line":574,"column":11},"end":{"line":590,"column":5}},"193":{"start":{"line":575,"column":6},"end":{"line":581,"column":8}},"194":{"start":{"line":583,"column":6},"end":{"line":589,"column":8}},"195":{"start":{"line":593,"column":2},"end":{"line":604,"column":4}}},"fnMap":{"0":{"name":"(anonymous_0)","decl":{"start":{"line":12,"column":17},"end":{"line":12,"column":18}},"loc":{"start":{"line":12,"column":58},"end":{"line":24,"column":1}},"line":12},"1":{"name":"(anonymous_1)","decl":{"start":{"line":26,"column":14},"end":{"line":26,"column":15}},"loc":{"start":{"line":26,"column":53},"end":{"line":36,"column":1}},"line":26},"2":{"name":"Survey","decl":{"start":{"line":42,"column":24},"end":{"line":42,"column":30}},"loc":{"start":{"line":42,"column":33},"end":{"line":605,"column":1}},"line":42},"3":{"name":"(anonymous_3)","decl":{"start":{"line":77,"column":12},"end":{"line":77,"column":13}},"loc":{"start":{"line":77,"column":18},"end":{"line":120,"column":3}},"line":77},"4":{"name":"(anonymous_4)","decl":{"start":{"line":84,"column":12},"end":{"line":84,"column":13}},"loc":{"start":{"line":84,"column":21},"end":{"line":87,"column":7}},"line":84},"5":{"name":"(anonymous_5)","decl":{"start":{"line":88,"column":13},"end":{"line":88,"column":14}},"loc":{"start":{"line":88,"column":22},"end":{"line":88,"column":38}},"line":88},"6":{"name":"(anonymous_6)","decl":{"start":{"line":95,"column":12},"end":{"line":95,"column":13}},"loc":{"start":{"line":95,"column":21},"end":{"line":98,"column":7}},"line":95},"7":{"name":"(anonymous_7)","decl":{"start":{"line":99,"column":13},"end":{"line":99,"column":14}},"loc":{"start":{"line":99,"column":22},"end":{"line":99,"column":38}},"line":99},"8":{"name":"(anonymous_8)","decl":{"start":{"line":104,"column":12},"end":{"line":104,"column":13}},"loc":{"start":{"line":104,"column":21},"end":{"line":107,"column":7}},"line":104},"9":{"name":"(anonymous_9)","decl":{"start":{"line":108,"column":13},"end":{"line":108,"column":14}},"loc":{"start":{"line":108,"column":22},"end":{"line":108,"column":38}},"line":108},"10":{"name":"(anonymous_10)","decl":{"start":{"line":115,"column":12},"end":{"line":115,"column":13}},"loc":{"start":{"line":115,"column":21},"end":{"line":118,"column":7}},"line":115},"11":{"name":"(anonymous_11)","decl":{"start":{"line":119,"column":13},"end":{"line":119,"column":14}},"loc":{"start":{"line":119,"column":22},"end":{"line":119,"column":38}},"line":119},"12":{"name":"(anonymous_12)","decl":{"start":{"line":122,"column":21},"end":{"line":122,"column":22}},"loc":{"start":{"line":122,"column":27},"end":{"line":160,"column":3}},"line":122},"13":{"name":"(anonymous_13)","decl":{"start":{"line":139,"column":12},"end":{"line":139,"column":13}},"loc":{"start":{"line":139,"column":21},"end":{"line":158,"column":7}},"line":139},"14":{"name":"(anonymous_14)","decl":{"start":{"line":145,"column":16},"end":{"line":145,"column":17}},"loc":{"start":{"line":145,"column":30},"end":{"line":154,"column":11}},"line":145},"15":{"name":"(anonymous_15)","decl":{"start":{"line":155,"column":17},"end":{"line":155,"column":18}},"loc":{"start":{"line":155,"column":28},"end":{"line":157,"column":11}},"line":155},"16":{"name":"(anonymous_16)","decl":{"start":{"line":159,"column":13},"end":{"line":159,"column":14}},"loc":{"start":{"line":159,"column":22},"end":{"line":159,"column":38}},"line":159},"17":{"name":"(anonymous_17)","decl":{"start":{"line":176,"column":24},"end":{"line":176,"column":25}},"loc":{"start":{"line":176,"column":37},"end":{"line":193,"column":3}},"line":176},"18":{"name":"(anonymous_18)","decl":{"start":{"line":188,"column":12},"end":{"line":188,"column":13}},"loc":{"start":{"line":188,"column":21},"end":{"line":190,"column":7}},"line":188},"19":{"name":"(anonymous_19)","decl":{"start":{"line":191,"column":13},"end":{"line":191,"column":14}},"loc":{"start":{"line":191,"column":22},"end":{"line":191,"column":38}},"line":191},"20":{"name":"(anonymous_20)","decl":{"start":{"line":195,"column":25},"end":{"line":195,"column":26}},"loc":{"start":{"line":195,"column":55},"end":{"line":239,"column":3}},"line":195},"21":{"name":"(anonymous_21)","decl":{"start":{"line":218,"column":22},"end":{"line":218,"column":23}},"loc":{"start":{"line":218,"column":29},"end":{"line":218,"column":54}},"line":218},"22":{"name":"(anonymous_22)","decl":{"start":{"line":241,"column":38},"end":{"line":241,"column":39}},"loc":{"start":{"line":241,"column":45},"end":{"line":251,"column":3}},"line":241},"23":{"name":"(anonymous_23)","decl":{"start":{"line":253,"column":39},"end":{"line":253,"column":40}},"loc":{"start":{"line":253,"column":46},"end":{"line":261,"column":3}},"line":253},"24":{"name":"(anonymous_24)","decl":{"start":{"line":265,"column":46},"end":{"line":265,"column":47}},"loc":{"start":{"line":265,"column":52},"end":{"line":267,"column":3}},"line":265},"25":{"name":"(anonymous_25)","decl":{"start":{"line":270,"column":10},"end":{"line":270,"column":11}},"loc":{"start":{"line":270,"column":24},"end":{"line":296,"column":5}},"line":270},"26":{"name":"displayFirstPage","decl":{"start":{"line":299,"column":11},"end":{"line":299,"column":27}},"loc":{"start":{"line":299,"column":30},"end":{"line":461,"column":3}},"line":299},"27":{"name":"(anonymous_27)","decl":{"start":{"line":310,"column":26},"end":{"line":310,"column":27}},"loc":{"start":{"line":311,"column":14},"end":{"line":313,"column":23}},"line":311},"28":{"name":"(anonymous_28)","decl":{"start":{"line":323,"column":22},"end":{"line":323,"column":23}},"loc":{"start":{"line":323,"column":29},"end":{"line":323,"column":51}},"line":323},"29":{"name":"(anonymous_29)","decl":{"start":{"line":335,"column":22},"end":{"line":335,"column":23}},"loc":{"start":{"line":335,"column":28},"end":{"line":335,"column":46}},"line":335},"30":{"name":"(anonymous_30)","decl":{"start":{"line":342,"column":22},"end":{"line":342,"column":23}},"loc":{"start":{"line":342,"column":28},"end":{"line":342,"column":44}},"line":342},"31":{"name":"(anonymous_31)","decl":{"start":{"line":349,"column":22},"end":{"line":349,"column":23}},"loc":{"start":{"line":349,"column":28},"end":{"line":349,"column":52}},"line":349},"32":{"name":"(anonymous_32)","decl":{"start":{"line":356,"column":22},"end":{"line":356,"column":23}},"loc":{"start":{"line":356,"column":28},"end":{"line":356,"column":66}},"line":356},"33":{"name":"(anonymous_33)","decl":{"start":{"line":363,"column":22},"end":{"line":363,"column":23}},"loc":{"start":{"line":363,"column":28},"end":{"line":363,"column":62}},"line":363},"34":{"name":"(anonymous_34)","decl":{"start":{"line":375,"column":22},"end":{"line":375,"column":23}},"loc":{"start":{"line":375,"column":28},"end":{"line":375,"column":55}},"line":375},"35":{"name":"(anonymous_35)","decl":{"start":{"line":383,"column":22},"end":{"line":383,"column":23}},"loc":{"start":{"line":383,"column":28},"end":{"line":383,"column":44}},"line":383},"36":{"name":"(anonymous_36)","decl":{"start":{"line":391,"column":22},"end":{"line":391,"column":23}},"loc":{"start":{"line":391,"column":28},"end":{"line":391,"column":57}},"line":391},"37":{"name":"(anonymous_37)","decl":{"start":{"line":399,"column":22},"end":{"line":399,"column":23}},"loc":{"start":{"line":399,"column":28},"end":{"line":399,"column":44}},"line":399},"38":{"name":"(anonymous_38)","decl":{"start":{"line":407,"column":22},"end":{"line":407,"column":23}},"loc":{"start":{"line":407,"column":28},"end":{"line":407,"column":68}},"line":407},"39":{"name":"(anonymous_39)","decl":{"start":{"line":415,"column":22},"end":{"line":415,"column":23}},"loc":{"start":{"line":415,"column":28},"end":{"line":415,"column":77}},"line":415},"40":{"name":"(anonymous_40)","decl":{"start":{"line":423,"column":22},"end":{"line":423,"column":23}},"loc":{"start":{"line":423,"column":28},"end":{"line":423,"column":60}},"line":423},"41":{"name":"(anonymous_41)","decl":{"start":{"line":434,"column":22},"end":{"line":434,"column":23}},"loc":{"start":{"line":434,"column":29},"end":{"line":434,"column":55}},"line":434},"42":{"name":"(anonymous_42)","decl":{"start":{"line":443,"column":22},"end":{"line":443,"column":23}},"loc":{"start":{"line":443,"column":29},"end":{"line":443,"column":56}},"line":443},"43":{"name":"(anonymous_43)","decl":{"start":{"line":455,"column":22},"end":{"line":455,"column":23}},"loc":{"start":{"line":455,"column":29},"end":{"line":455,"column":59}},"line":455},"44":{"name":"displayNextPages","decl":{"start":{"line":463,"column":11},"end":{"line":463,"column":27}},"loc":{"start":{"line":463,"column":30},"end":{"line":476,"column":3}},"line":463},"45":{"name":"display","decl":{"start":{"line":478,"column":11},"end":{"line":478,"column":18}},"loc":{"start":{"line":478,"column":21},"end":{"line":493,"column":3}},"line":478},"46":{"name":"(anonymous_46)","decl":{"start":{"line":482,"column":51},"end":{"line":482,"column":52}},"loc":{"start":{"line":482,"column":65},"end":{"line":488,"column":7}},"line":482},"47":{"name":"(anonymous_47)","decl":{"start":{"line":496,"column":15},"end":{"line":496,"column":16}},"loc":{"start":{"line":496,"column":21},"end":{"line":502,"column":3}},"line":496},"48":{"name":"(anonymous_48)","decl":{"start":{"line":505,"column":19},"end":{"line":505,"column":20}},"loc":{"start":{"line":505,"column":25},"end":{"line":510,"column":3}},"line":505},"49":{"name":"(anonymous_49)","decl":{"start":{"line":513,"column":21},"end":{"line":513,"column":22}},"loc":{"start":{"line":513,"column":27},"end":{"line":563,"column":3}},"line":513},"50":{"name":"buttons","decl":{"start":{"line":565,"column":11},"end":{"line":565,"column":18}},"loc":{"start":{"line":565,"column":21},"end":{"line":591,"column":3}},"line":565}},"branchMap":{"0":{"loc":{"start":{"line":147,"column":12},"end":{"line":153,"column":13}},"type":"if","locations":[{"start":{"line":147,"column":12},"end":{"line":153,"column":13}},{"start":{},"end":{}}],"line":147},"1":{"loc":{"start":{"line":199,"column":4},"end":{"line":209,"column":5}},"type":"if","locations":[{"start":{"line":199,"column":4},"end":{"line":209,"column":5}},{"start":{"line":201,"column":11},"end":{"line":209,"column":5}}],"line":199},"2":{"loc":{"start":{"line":201,"column":11},"end":{"line":209,"column":5}},"type":"if","locations":[{"start":{"line":201,"column":11},"end":{"line":209,"column":5}},{"start":{"line":203,"column":11},"end":{"line":209,"column":5}}],"line":201},"3":{"loc":{"start":{"line":203,"column":11},"end":{"line":209,"column":5}},"type":"if","locations":[{"start":{"line":203,"column":11},"end":{"line":209,"column":5}},{"start":{"line":205,"column":11},"end":{"line":209,"column":5}}],"line":203},"4":{"loc":{"start":{"line":205,"column":11},"end":{"line":209,"column":5}},"type":"if","locations":[{"start":{"line":205,"column":11},"end":{"line":209,"column":5}},{"start":{"line":207,"column":11},"end":{"line":209,"column":5}}],"line":205},"5":{"loc":{"start":{"line":207,"column":11},"end":{"line":209,"column":5}},"type":"if","locations":[{"start":{"line":207,"column":11},"end":{"line":209,"column":5}},{"start":{},"end":{}}],"line":207},"6":{"loc":{"start":{"line":224,"column":4},"end":{"line":238,"column":5}},"type":"if","locations":[{"start":{"line":224,"column":4},"end":{"line":238,"column":5}},{"start":{"line":236,"column":11},"end":{"line":238,"column":5}}],"line":224},"7":{"loc":{"start":{"line":479,"column":4},"end":{"line":492,"column":5}},"type":"if","locations":[{"start":{"line":479,"column":4},"end":{"line":492,"column":5}},{"start":{"line":481,"column":11},"end":{"line":492,"column":5}}],"line":479},"8":{"loc":{"start":{"line":481,"column":11},"end":{"line":492,"column":5}},"type":"if","locations":[{"start":{"line":481,"column":11},"end":{"line":492,"column":5}},{"start":{"line":490,"column":11},"end":{"line":492,"column":5}}],"line":481},"9":{"loc":{"start":{"line":497,"column":4},"end":{"line":499,"column":5}},"type":"if","locations":[{"start":{"line":497,"column":4},"end":{"line":499,"column":5}},{"start":{},"end":{}}],"line":497},"10":{"loc":{"start":{"line":506,"column":4},"end":{"line":508,"column":5}},"type":"if","locations":[{"start":{"line":506,"column":4},"end":{"line":508,"column":5}},{"start":{},"end":{}}],"line":506},"11":{"loc":{"start":{"line":523,"column":4},"end":{"line":560,"column":5}},"type":"if","locations":[{"start":{"line":523,"column":4},"end":{"line":560,"column":5}},{"start":{"line":547,"column":11},"end":{"line":560,"column":5}}],"line":523},"12":{"loc":{"start":{"line":524,"column":6},"end":{"line":527,"column":7}},"type":"if","locations":[{"start":{"line":524,"column":6},"end":{"line":527,"column":7}},{"start":{},"end":{}}],"line":524},"13":{"loc":{"start":{"line":528,"column":6},"end":{"line":546,"column":7}},"type":"if","locations":[{"start":{"line":528,"column":6},"end":{"line":546,"column":7}},{"start":{"line":531,"column":13},"end":{"line":546,"column":7}}],"line":528},"14":{"loc":{"start":{"line":531,"column":13},"end":{"line":546,"column":7}},"type":"if","locations":[{"start":{"line":531,"column":13},"end":{"line":546,"column":7}},{"start":{"line":534,"column":13},"end":{"line":546,"column":7}}],"line":531},"15":{"loc":{"start":{"line":534,"column":13},"end":{"line":546,"column":7}},"type":"if","locations":[{"start":{"line":534,"column":13},"end":{"line":546,"column":7}},{"start":{"line":537,"column":13},"end":{"line":546,"column":7}}],"line":534},"16":{"loc":{"start":{"line":537,"column":13},"end":{"line":546,"column":7}},"type":"if","locations":[{"start":{"line":537,"column":13},"end":{"line":546,"column":7}},{"start":{"line":540,"column":13},"end":{"line":546,"column":7}}],"line":537},"17":{"loc":{"start":{"line":540,"column":13},"end":{"line":546,"column":7}},"type":"if","locations":[{"start":{"line":540,"column":13},"end":{"line":546,"column":7}},{"start":{"line":543,"column":13},"end":{"line":546,"column":7}}],"line":540},"18":{"loc":{"start":{"line":543,"column":13},"end":{"line":546,"column":7}},"type":"if","locations":[{"start":{"line":543,"column":13},"end":{"line":546,"column":7}},{"start":{},"end":{}}],"line":543},"19":{"loc":{"start":{"line":551,"column":8},"end":{"line":551,"column":52}},"type":"binary-expr","locations":[{"start":{"line":551,"column":8},"end":{"line":551,"column":22}},{"start":{"line":551,"column":26},"end":{"line":551,"column":52}}],"line":551},"20":{"loc":{"start":{"line":554,"column":8},"end":{"line":558,"column":9}},"type":"if","locations":[{"start":{"line":554,"column":8},"end":{"line":558,"column":9}},{"start":{},"end":{}}],"line":554},"21":{"loc":{"start":{"line":566,"column":4},"end":{"line":590,"column":5}},"type":"if","locations":[{"start":{"line":566,"column":4},"end":{"line":590,"column":5}},{"start":{"line":574,"column":11},"end":{"line":590,"column":5}}],"line":566},"22":{"loc":{"start":{"line":574,"column":11},"end":{"line":590,"column":5}},"type":"if","locations":[{"start":{"line":574,"column":11},"end":{"line":590,"column":5}},{"start":{"line":582,"column":11},"end":{"line":590,"column":5}}],"line":574}},"s":{"0":1,"1":1,"2":12,"3":1,"4":0,"5":1,"6":1,"7":1,"8":1,"9":1,"10":1,"11":1,"12":1,"13":1,"14":1,"15":1,"16":1,"17":1,"18":1,"19":1,"20":1,"21":1,"22":1,"23":1,"24":1,"25":1,"26":1,"27":1,"28":1,"29":1,"30":1,"31":1,"32":1,"33":1,"34":0,"35":0,"36":0,"37":0,"38":0,"39":0,"40":0,"41":0,"42":0,"43":0,"44":0,"45":0,"46":0,"47":0,"48":0,"49":0,"50":0,"51":0,"52":0,"53":0,"54":0,"55":0,"56":0,"57":0,"58":1,"59":0,"60":0,"61":0,"62":0,"63":0,"64":0,"65":0,"66":0,"67":0,"68":0,"69":0,"70":0,"71":0,"72":0,"73":0,"74":1,"75":0,"76":0,"77":0,"78":0,"79":0,"80":0,"81":1,"82":0,"83":0,"84":0,"85":0,"86":0,"87":0,"88":0,"89":0,"90":0,"91":0,"92":0,"93":0,"94":0,"95":0,"96":0,"97":0,"98":0,"99":0,"100":0,"101":1,"102":0,"103":0,"104":0,"105":0,"106":1,"107":0,"108":0,"109":0,"110":1,"111":1,"112":0,"113":1,"114":0,"115":1,"116":0,"117":0,"118":0,"119":0,"120":0,"121":0,"122":0,"123":0,"124":0,"125":0,"126":0,"127":0,"128":0,"129":0,"130":0,"131":0,"132":0,"133":0,"134":1,"135":1,"136":0,"137":0,"138":0,"139":0,"140":0,"141":1,"142":0,"143":0,"144":0,"145":0,"146":1,"147":0,"148":0,"149":0,"150":1,"151":0,"152":0,"153":0,"154":0,"155":0,"156":0,"157":0,"158":0,"159":0,"160":0,"161":0,"162":0,"163":0,"164":0,"165":0,"166":0,"167":0,"168":0,"169":0,"170":0,"171":0,"172":0,"173":0,"174":0,"175":0,"176":0,"177":0,"178":0,"179":0,"180":0,"181":0,"182":0,"183":0,"184":0,"185":0,"186":0,"187":0,"188":0,"189":0,"190":1,"191":1,"192":0,"193":0,"194":0,"195":1},"f":{"0":12,"1":0,"2":1,"3":0,"4":0,"5":0,"6":0,"7":0,"8":0,"9":0,"10":0,"11":0,"12":0,"13":0,"14":0,"15":0,"16":0,"17":0,"18":0,"19":0,"20":0,"21":0,"22":0,"23":0,"24":0,"25":0,"26":1,"27":0,"28":0,"29":0,"30":0,"31":0,"32":0,"33":0,"34":0,"35":0,"36":0,"37":0,"38":0,"39":0,"40":0,"41":0,"42":0,"43":0,"44":0,"45":1,"46":0,"47":0,"48":0,"49":0,"50":1},"b":{"0":[0,0],"1":[0,0],"2":[0,0],"3":[0,0],"4":[0,0],"5":[0,0],"6":[0,0],"7":[1,0],"8":[0,0],"9":[0,0],"10":[0,0],"11":[0,0],"12":[0,0],"13":[0,0],"14":[0,0],"15":[0,0],"16":[0,0],"17":[0,0],"18":[0,0],"19":[0,0],"20":[0,0],"21":[1,0],"22":[0,0]},"_coverageSchema":"1a1c01bbd47fc00a2c39e90264f33305004495a9","hash":"a3da0eb9308c9b757a9ec7a67cf26fa913e64149"}
,"C:\\Users\\natef\\Code\\SE492\\sdmay24-35\\frontend\\src\\routes\\termsOfUse.js": {"path":"C:\\Users\\natef\\Code\\SE492\\sdmay24-35\\frontend\\src\\routes\\termsOfUse.js","statementMap":{"0":{"start":{"line":7,"column":19},"end":{"line":7,"column":28}},"1":{"start":{"line":9,"column":2},"end":{"line":97,"column":4}}},"fnMap":{"0":{"name":"TermsOfUse","decl":{"start":{"line":6,"column":24},"end":{"line":6,"column":34}},"loc":{"start":{"line":6,"column":37},"end":{"line":98,"column":1}},"line":6}},"branchMap":{"0":{"loc":{"start":{"line":11,"column":7},"end":{"line":11,"column":49}},"type":"cond-expr","locations":[{"start":{"line":11,"column":19},"end":{"line":11,"column":29}},{"start":{"line":11,"column":32},"end":{"line":11,"column":49}}],"line":11}},"s":{"0":1,"1":1},"f":{"0":1},"b":{"0":[1,0]},"_coverageSchema":"1a1c01bbd47fc00a2c39e90264f33305004495a9","hash":"feb943662383338f6e0014cc62a4bdea9813429e"}
}
