TN:
SF:src\components\AdminNavBar.js
FN:5,AdminNavBar
FN:8,(anonymous_1)
FNF:2
FNH:0
FNDA:0,AdminNavBar
FNDA:0,(anonymous_1)
DA:6,0
DA:8,0
DA:9,0
DA:12,0
LF:4
LH:0
BRDA:20,0,0,0
BRDA:20,0,1,0
BRDA:28,1,0,0
BRDA:28,1,1,0
BRF:4
BRH:0
end_of_record
TN:
SF:src\components\Card.js
FN:7,(anonymous_0)
FN:11,(anonymous_1)
FN:23,(anonymous_2)
FNF:3
FNH:1
FNDA:6,(anonymous_0)
FNDA:0,(anonymous_1)
FNDA:0,(anonymous_2)
DA:5,1
DA:7,1
DA:8,6
DA:9,6
DA:11,6
DA:12,0
DA:15,6
DA:23,0
LF:8
LH:6
BRDA:28,0,0,6
BRDA:28,0,1,0
BRDA:30,1,0,0
BRDA:30,1,1,6
BRF:4
BRH:2
end_of_record
TN:
SF:src\components\footer.js
FN:6,(anonymous_0)
FNF:1
FNH:1
FNDA:1,(anonymous_0)
DA:6,7
DA:7,1
LF:2
LH:2
BRF:0
BRH:0
end_of_record
TN:
SF:src\components\landingNavbar.js
FN:5,LandingNavBar
FN:8,(anonymous_1)
FNF:2
FNH:1
FNDA:1,LandingNavBar
FNDA:0,(anonymous_1)
DA:6,1
DA:8,1
DA:9,0
DA:12,1
LF:4
LH:3
BRDA:20,0,0,0
BRDA:20,0,1,1
BRDA:28,1,0,0
BRDA:28,1,1,1
BRF:4
BRH:2
end_of_record
TN:
SF:src\context\AuthProvider.js
FN:5,(anonymous_0)
FNF:1
FNH:0
FNDA:0,(anonymous_0)
DA:3,10
DA:5,10
DA:6,0
DA:8,0
LF:4
LH:2
BRF:0
BRH:0
end_of_record
TN:
SF:src\functions\graph.js
FN:3,(anonymous_0)
FN:165,(anonymous_1)
FN:185,(anonymous_2)
FN:229,(anonymous_3)
FN:304,(anonymous_4)
FN:315,(anonymous_5)
FNF:6
FNH:4
FNDA:1,(anonymous_0)
FNDA:0,(anonymous_1)
FNDA:6,(anonymous_2)
FNDA:1,(anonymous_3)
FNDA:0,(anonymous_4)
FNDA:6,(anonymous_5)
DA:3,2
DA:4,1
DA:6,1
DA:39,1
DA:78,1
DA:79,0
DA:82,1
DA:83,1
DA:84,1
DA:85,1
DA:87,1
DA:88,0
DA:127,0
DA:160,0
DA:161,0
DA:162,0
DA:164,0
DA:165,0
DA:175,1
DA:176,1
DA:177,1
DA:178,1
DA:180,1
DA:181,1
DA:182,1
DA:184,1
DA:185,6
DA:204,1
DA:205,1
DA:206,1
DA:207,1
DA:208,1
DA:209,1
DA:210,1
DA:211,1
DA:212,1
DA:213,1
DA:214,1
DA:215,1
DA:216,1
DA:217,1
DA:218,1
DA:220,1
DA:221,1
DA:222,1
DA:223,1
DA:224,1
DA:225,1
DA:226,1
DA:229,2
DA:230,1
DA:263,1
DA:264,0
DA:266,1
DA:268,1
DA:270,1
DA:271,0
DA:303,0
DA:304,0
DA:309,0
DA:310,0
DA:311,0
DA:314,1
DA:315,6
DA:323,1
DA:324,1
DA:325,1
DA:326,1
DA:327,1
DA:328,1
DA:329,1
DA:330,1
DA:331,1
DA:333,1
DA:334,1
DA:335,1
DA:336,1
DA:337,1
DA:338,1
DA:339,1
DA:341,1
DA:342,1
DA:343,1
DA:345,1
DA:346,1
DA:348,1
DA:349,1
LF:87
LH:72
BRDA:4,0,0,0
BRDA:4,0,1,1
BRDA:78,1,0,0
BRDA:78,1,1,1
BRDA:87,2,0,0
BRDA:87,2,1,1
BRDA:192,3,0,0
BRDA:192,3,1,6
BRDA:192,4,0,6
BRDA:192,4,1,0
BRDA:263,5,0,0
BRDA:263,5,1,1
BRDA:270,6,0,0
BRDA:270,6,1,1
BRF:14
BRH:7
end_of_record
TN:
SF:src\hooks\useAuth.js
FN:4,(anonymous_0)
FNF:1
FNH:1
FNDA:9,(anonymous_0)
DA:4,10
DA:5,9
LF:2
LH:2
BRF:0
BRH:0
end_of_record
TN:
SF:src\routes\about.js
FN:4,About
FNF:1
FNH:1
FNDA:2,About
DA:5,2
LF:1
LH:1
BRF:0
BRH:0
end_of_record
TN:
SF:src\routes\adminAssign.js
FN:12,AdminAssign
FN:16,(anonymous_1)
FN:24,(anonymous_2)
FN:32,(anonymous_3)
FN:53,(anonymous_4)
FNF:5
FNH:1
FNDA:1,AdminAssign
FNDA:0,(anonymous_1)
FNDA:0,(anonymous_2)
FNDA:0,(anonymous_3)
FNDA:0,(anonymous_4)
DA:10,1
DA:13,1
DA:14,1
DA:16,1
DA:17,0
DA:18,0
DA:19,0
DA:20,0
DA:25,0
DA:26,0
DA:27,0
DA:28,0
DA:29,0
DA:33,0
DA:34,0
DA:37,0
DA:41,1
DA:53,0
LF:18
LH:5
BRDA:17,0,0,0
BRDA:17,0,1,0
BRDA:26,1,0,0
BRDA:26,1,1,0
BRF:4
BRH:0
end_of_record
TN:
SF:src\routes\adminCreate.js
FN:10,AdminCreate
FN:15,(anonymous_1)
FN:20,(anonymous_2)
FN:26,(anonymous_3)
FN:33,(anonymous_4)
FNF:5
FNH:1
FNDA:1,AdminCreate
FNDA:0,(anonymous_1)
FNDA:0,(anonymous_2)
FNDA:0,(anonymous_3)
FNDA:0,(anonymous_4)
DA:8,1
DA:11,1
DA:12,1
DA:13,1
DA:15,1
DA:16,0
DA:17,0
DA:20,1
DA:22,0
DA:23,0
DA:28,0
DA:29,0
DA:35,0
DA:38,0
DA:39,0
DA:45,1
LF:16
LH:7
BRDA:65,0,0,1
BRDA:65,0,1,0
BRF:2
BRH:1
end_of_record
TN:
SF:src\routes\adminHome.js
FN:6,AdminHome
FNF:1
FNH:1
FNDA:1,AdminHome
DA:7,1
LF:1
LH:1
BRF:0
BRH:0
end_of_record
TN:
SF:src\routes\adminPasswordReset.js
FN:12,AdminPasswordReset
FN:18,(anonymous_1)
FN:27,(anonymous_2)
FN:39,(anonymous_3)
FN:62,(anonymous_4)
FN:72,(anonymous_5)
FN:82,(anonymous_6)
FNF:7
FNH:1
FNDA:1,AdminPasswordReset
FNDA:0,(anonymous_1)
FNDA:0,(anonymous_2)
FNDA:0,(anonymous_3)
FNDA:0,(anonymous_4)
FNDA:0,(anonymous_5)
FNDA:0,(anonymous_6)
DA:10,1
DA:13,1
DA:14,1
DA:15,1
DA:16,1
DA:18,1
DA:19,0
DA:20,0
DA:21,0
DA:22,0
DA:28,0
DA:29,0
DA:30,0
DA:31,0
DA:32,0
DA:33,0
DA:34,0
DA:35,0
DA:36,0
DA:40,0
DA:41,0
DA:44,0
DA:45,0
DA:49,1
DA:62,0
DA:72,0
DA:82,0
LF:27
LH:7
BRDA:19,0,0,0
BRDA:19,0,1,0
BRDA:19,1,0,0
BRDA:19,1,1,0
BRDA:29,2,0,0
BRDA:29,2,1,0
BRDA:44,3,0,0
BRDA:44,3,1,0
BRDA:45,4,0,0
BRDA:45,4,1,0
BRF:10
BRH:0
end_of_record
TN:
SF:src\routes\adminResults.js
FN:10,AdminResults
FN:17,(anonymous_1)
FN:22,(anonymous_2)
FN:32,(anonymous_3)
FN:40,(anonymous_4)
FN:47,(anonymous_5)
FN:54,(anonymous_6)
FN:62,(anonymous_7)
FN:69,(anonymous_8)
FN:76,(anonymous_9)
FN:89,(anonymous_10)
FN:99,(anonymous_11)
FN:100,(anonymous_12)
FN:142,(anonymous_13)
FNF:14
FNH:1
FNDA:1,AdminResults
FNDA:0,(anonymous_1)
FNDA:0,(anonymous_2)
FNDA:0,(anonymous_3)
FNDA:0,(anonymous_4)
FNDA:0,(anonymous_5)
FNDA:0,(anonymous_6)
FNDA:0,(anonymous_7)
FNDA:0,(anonymous_8)
FNDA:0,(anonymous_9)
FNDA:0,(anonymous_10)
FNDA:0,(anonymous_11)
FNDA:0,(anonymous_12)
FNDA:0,(anonymous_13)
DA:9,1
DA:11,1
DA:12,1
DA:13,1
DA:15,1
DA:17,1
DA:18,0
DA:19,0
DA:22,1
DA:23,0
DA:24,0
DA:29,0
DA:32,1
DA:34,0
DA:35,0
DA:36,0
DA:42,0
DA:43,0
DA:44,0
DA:45,0
DA:49,0
DA:50,0
DA:54,1
DA:56,0
DA:57,0
DA:58,0
DA:64,0
DA:65,0
DA:66,0
DA:67,0
DA:71,0
DA:72,0
DA:76,1
DA:77,0
DA:78,0
DA:79,0
DA:80,0
DA:81,0
DA:85,0
DA:86,0
DA:89,1
DA:90,0
DA:91,0
DA:92,0
DA:93,0
DA:94,0
DA:95,0
DA:96,0
DA:99,1
DA:100,0
DA:101,0
DA:103,0
DA:106,0
DA:107,0
DA:108,0
DA:110,0
DA:111,0
DA:114,0
DA:117,1
DA:143,0
LF:60
LH:13
BRF:0
BRH:0
end_of_record
TN:
SF:src\routes\adminSurvey.js
FN:11,AdminSurvey
FN:17,(anonymous_1)
FN:18,(anonymous_2)
FN:34,(anonymous_3)
FN:42,(anonymous_4)
FN:45,(anonymous_5)
FN:52,(anonymous_6)
FN:59,(anonymous_7)
FN:60,(anonymous_8)
FN:67,(anonymous_9)
FN:77,(anonymous_10)
FN:82,(anonymous_11)
FN:88,(anonymous_12)
FN:106,(anonymous_13)
FN:117,(anonymous_14)
FN:121,(anonymous_15)
FN:126,(anonymous_16)
FNF:17
FNH:1
FNDA:1,AdminSurvey
FNDA:0,(anonymous_1)
FNDA:0,(anonymous_2)
FNDA:0,(anonymous_3)
FNDA:0,(anonymous_4)
FNDA:0,(anonymous_5)
FNDA:0,(anonymous_6)
FNDA:0,(anonymous_7)
FNDA:0,(anonymous_8)
FNDA:0,(anonymous_9)
FNDA:0,(anonymous_10)
FNDA:0,(anonymous_11)
FNDA:0,(anonymous_12)
FNDA:0,(anonymous_13)
FNDA:0,(anonymous_14)
FNDA:0,(anonymous_15)
FNDA:0,(anonymous_16)
DA:9,1
DA:12,1
DA:13,1
DA:14,1
DA:15,1
DA:17,1
DA:18,0
DA:19,0
DA:21,0
DA:24,0
DA:25,0
DA:27,0
DA:28,0
DA:31,0
DA:34,1
DA:35,0
DA:36,0
DA:38,0
DA:39,0
DA:43,0
DA:44,0
DA:45,0
DA:49,0
DA:50,0
DA:53,0
DA:54,0
DA:59,1
DA:60,0
DA:61,0
DA:62,0
DA:63,0
DA:67,1
DA:69,0
DA:70,0
DA:78,0
DA:79,0
DA:80,0
DA:83,0
DA:84,0
DA:88,1
DA:89,0
DA:90,0
DA:96,1
DA:107,0
DA:118,0
DA:121,0
DA:127,0
LF:47
LH:11
BRDA:36,0,0,0
BRDA:36,0,1,0
BRF:2
BRH:0
end_of_record
TN:
SF:src\routes\forgotPassword.js
FN:6,ForgotPassword
FNF:1
FNH:1
FNDA:1,ForgotPassword
DA:7,1
DA:9,1
LF:2
LH:2
BRF:0
BRH:0
end_of_record
TN:
SF:src\routes\home.js
FN:11,Landing
FNF:1
FNH:1
FNDA:2,Landing
DA:8,1
DA:9,1
DA:12,2
LF:3
LH:3
BRF:0
BRH:0
end_of_record
TN:
SF:src\routes\landing.js
FN:7,Home
FN:10,(anonymous_1)
FNF:2
FNH:1
FNDA:1,Home
FNDA:0,(anonymous_1)
DA:8,1
DA:10,1
DA:11,0
DA:14,1
LF:4
LH:3
BRF:0
BRH:0
end_of_record
TN:
SF:src\routes\login.js
FN:10,Login
FN:18,(anonymous_1)
FN:22,(anonymous_2)
FN:30,(anonymous_3)
FN:45,(anonymous_4)
FN:81,(anonymous_5)
FN:90,(anonymous_6)
FNF:7
FNH:1
FNDA:1,Login
FNDA:0,(anonymous_1)
FNDA:0,(anonymous_2)
FNDA:0,(anonymous_3)
FNDA:0,(anonymous_4)
FNDA:0,(anonymous_5)
FNDA:0,(anonymous_6)
DA:8,1
DA:11,1
DA:12,1
DA:14,1
DA:15,1
DA:16,1
DA:18,1
DA:19,0
DA:22,1
DA:23,0
DA:24,0
DA:25,0
DA:26,0
DA:31,0
DA:32,0
DA:33,0
DA:34,0
DA:35,0
DA:36,0
DA:37,0
DA:38,0
DA:39,0
DA:41,0
DA:46,0
DA:47,0
DA:48,0
DA:50,0
DA:55,1
DA:81,0
DA:90,0
LF:30
LH:9
BRDA:32,0,0,0
BRDA:32,0,1,0
BRDA:38,1,0,0
BRDA:38,1,1,0
BRDA:46,2,0,0
BRDA:46,2,1,0
BRF:6
BRH:0
end_of_record
TN:
SF:src\routes\navbar.js
FN:5,NavBar
FN:8,(anonymous_1)
FNF:2
FNH:1
FNDA:7,NavBar
FNDA:0,(anonymous_1)
DA:6,7
DA:8,5
DA:9,0
DA:12,5
LF:4
LH:3
BRDA:20,0,0,0
BRDA:20,0,1,5
BRDA:28,1,0,0
BRDA:28,1,1,5
BRF:4
BRH:2
end_of_record
TN:
SF:src\routes\profile.js
FN:16,Results
FN:36,(anonymous_1)
FN:43,(anonymous_2)
FN:110,(anonymous_3)
FN:116,(anonymous_4)
FN:182,(anonymous_5)
FN:183,(anonymous_6)
FN:291,(anonymous_7)
FN:346,(anonymous_8)
FN:362,(anonymous_9)
FN:395,(anonymous_10)
FN:423,(anonymous_11)
FN:425,(anonymous_12)
FN:437,(anonymous_13)
FN:440,(anonymous_14)
FNF:15
FNH:3
FNDA:1,Results
FNDA:1,(anonymous_1)
FNDA:1,(anonymous_2)
FNDA:0,(anonymous_3)
FNDA:0,(anonymous_4)
FNDA:0,(anonymous_5)
FNDA:0,(anonymous_6)
FNDA:0,(anonymous_7)
FNDA:0,(anonymous_8)
FNDA:0,(anonymous_9)
FNDA:0,(anonymous_10)
FNDA:0,(anonymous_11)
FNDA:0,(anonymous_12)
FNDA:0,(anonymous_13)
FNDA:0,(anonymous_14)
DA:12,1
DA:14,1
DA:17,1
DA:18,1
DA:20,1
DA:21,1
DA:22,1
DA:23,1
DA:24,1
DA:25,1
DA:26,1
DA:27,1
DA:28,1
DA:29,1
DA:30,1
DA:31,1
DA:32,1
DA:34,1
DA:36,1
DA:37,1
DA:38,1
DA:40,1
DA:44,1
DA:45,1
DA:47,1
DA:48,0
DA:49,0
DA:50,0
DA:51,0
DA:52,0
DA:59,0
DA:66,0
DA:73,0
DA:80,0
DA:87,0
DA:95,0
DA:96,0
DA:97,0
DA:98,0
DA:99,0
DA:100,0
DA:102,0
DA:103,0
DA:104,0
DA:106,1
DA:107,1
DA:111,0
DA:112,0
DA:116,1
DA:117,0
DA:120,0
DA:123,0
DA:126,0
DA:128,0
DA:130,0
DA:133,0
DA:134,0
DA:137,0
DA:138,0
DA:140,0
DA:141,0
DA:143,0
DA:144,0
DA:146,0
DA:147,0
DA:149,0
DA:150,0
DA:152,0
DA:153,0
DA:156,0
DA:165,0
DA:166,0
DA:168,0
DA:169,0
DA:171,0
DA:173,0
DA:175,0
DA:177,0
DA:179,0
DA:182,0
DA:183,0
DA:184,0
DA:189,0
DA:192,0
DA:195,0
DA:198,0
DA:199,0
DA:201,0
DA:202,0
DA:204,0
DA:205,0
DA:207,0
DA:208,0
DA:210,0
DA:211,0
DA:213,0
DA:214,0
DA:216,0
DA:225,0
DA:227,0
DA:229,0
DA:231,0
DA:233,0
DA:235,0
DA:237,0
DA:239,0
DA:272,0
DA:273,0
DA:274,0
DA:276,0
DA:278,0
DA:280,0
DA:282,0
DA:284,0
DA:287,0
DA:288,0
DA:291,1
DA:292,0
DA:294,0
DA:301,0
DA:308,0
DA:315,0
DA:322,0
DA:329,0
DA:337,0
DA:338,0
DA:340,0
DA:342,0
DA:343,0
DA:346,1
DA:347,0
DA:348,0
DA:349,0
DA:350,0
DA:352,0
DA:355,0
DA:356,0
DA:358,0
DA:362,1
DA:363,0
DA:364,0
DA:365,0
DA:367,0
DA:368,0
DA:372,1
DA:395,0
DA:423,0
DA:426,0
DA:437,0
DA:441,0
LF:150
LH:32
BRDA:47,0,0,0
BRDA:47,0,1,1
BRDA:54,1,0,0
BRDA:54,1,1,0
BRDA:61,2,0,0
BRDA:61,2,1,0
BRDA:68,3,0,0
BRDA:68,3,1,0
BRDA:75,4,0,0
BRDA:75,4,1,0
BRDA:82,5,0,0
BRDA:82,5,1,0
BRDA:89,6,0,0
BRDA:89,6,1,0
BRDA:241,7,0,0
BRDA:241,7,1,0
BRDA:246,8,0,0
BRDA:246,8,1,0
BRDA:251,9,0,0
BRDA:251,9,1,0
BRDA:256,10,0,0
BRDA:256,10,1,0
BRDA:261,11,0,0
BRDA:261,11,1,0
BRDA:266,12,0,0
BRDA:266,12,1,0
BRDA:296,13,0,0
BRDA:296,13,1,0
BRDA:303,14,0,0
BRDA:303,14,1,0
BRDA:310,15,0,0
BRDA:310,15,1,0
BRDA:317,16,0,0
BRDA:317,16,1,0
BRDA:324,17,0,0
BRDA:324,17,1,0
BRDA:331,18,0,0
BRDA:331,18,1,0
BRDA:337,19,0,0
BRDA:337,19,1,0
BRDA:348,20,0,0
BRDA:348,20,1,0
BRDA:355,21,0,0
BRDA:355,21,1,0
BRDA:363,22,0,0
BRDA:363,22,1,0
BRDA:452,23,0,1
BRDA:452,23,1,0
BRF:48
BRH:2
end_of_record
TN:
SF:src\routes\requireAuth.js
FN:4,(anonymous_0)
FNF:1
FNH:1
FNDA:1,(anonymous_0)
DA:4,1
DA:5,1
DA:6,1
DA:8,1
LF:4
LH:4
BRDA:8,0,0,0
BRDA:8,0,1,1
BRDA:8,1,0,1
BRDA:8,1,1,0
BRDA:10,2,0,0
BRDA:10,2,1,1
BRF:6
BRH:3
end_of_record
TN:
SF:src\routes\signup.js
FN:11,SignUp
FN:28,(anonymous_1)
FN:32,(anonymous_2)
FN:43,(anonymous_3)
FN:55,(anonymous_4)
FN:70,(anonymous_5)
FN:127,(anonymous_6)
FN:137,(anonymous_7)
FN:147,(anonymous_8)
FNF:9
FNH:1
FNDA:1,SignUp
FNDA:0,(anonymous_1)
FNDA:0,(anonymous_2)
FNDA:0,(anonymous_3)
FNDA:0,(anonymous_4)
FNDA:0,(anonymous_5)
FNDA:0,(anonymous_6)
FNDA:0,(anonymous_7)
FNDA:0,(anonymous_8)
DA:9,1
DA:12,1
DA:13,1
DA:15,1
DA:16,1
DA:17,1
DA:19,1
DA:20,1
DA:21,1
DA:23,1
DA:24,1
DA:26,1
DA:28,1
DA:29,0
DA:32,1
DA:33,0
DA:34,0
DA:35,0
DA:37,0
DA:38,0
DA:39,0
DA:44,0
DA:45,0
DA:46,0
DA:47,0
DA:48,0
DA:49,0
DA:50,0
DA:52,0
DA:56,0
DA:57,0
DA:63,0
DA:65,0
DA:70,1
DA:71,0
DA:72,0
DA:73,0
DA:74,0
DA:76,0
DA:77,0
DA:78,0
DA:79,0
DA:80,0
DA:81,0
DA:82,0
DA:83,0
DA:84,0
DA:85,0
DA:86,0
DA:87,0
DA:88,0
DA:89,0
DA:90,0
DA:91,0
DA:92,0
DA:95,0
DA:97,0
DA:98,0
DA:101,1
DA:127,0
DA:137,0
DA:147,0
LF:62
LH:16
BRDA:33,0,0,0
BRDA:33,0,1,0
BRDA:45,1,0,0
BRDA:45,1,1,0
BRDA:57,2,0,0
BRDA:57,2,1,0
BRDA:76,3,0,0
BRDA:76,3,1,0
BRDA:79,4,0,0
BRDA:79,4,1,0
BRDA:82,5,0,0
BRDA:82,5,1,0
BRDA:85,6,0,0
BRDA:85,6,1,0
BRDA:88,7,0,0
BRDA:88,7,1,0
BRDA:91,8,0,0
BRDA:91,8,1,0
BRF:18
BRH:0
end_of_record
TN:
SF:src\routes\survey.js
FN:12,(anonymous_0)
FN:26,(anonymous_1)
FN:42,Survey
FN:77,(anonymous_3)
FN:84,(anonymous_4)
FN:88,(anonymous_5)
FN:95,(anonymous_6)
FN:99,(anonymous_7)
FN:104,(anonymous_8)
FN:108,(anonymous_9)
FN:115,(anonymous_10)
FN:119,(anonymous_11)
FN:122,(anonymous_12)
FN:139,(anonymous_13)
FN:145,(anonymous_14)
FN:155,(anonymous_15)
FN:159,(anonymous_16)
FN:176,(anonymous_17)
FN:188,(anonymous_18)
FN:191,(anonymous_19)
FN:195,(anonymous_20)
FN:218,(anonymous_21)
FN:241,(anonymous_22)
FN:253,(anonymous_23)
FN:265,(anonymous_24)
FN:270,(anonymous_25)
FN:299,displayFirstPage
FN:310,(anonymous_27)
FN:323,(anonymous_28)
FN:335,(anonymous_29)
FN:342,(anonymous_30)
FN:349,(anonymous_31)
FN:356,(anonymous_32)
FN:363,(anonymous_33)
FN:375,(anonymous_34)
FN:383,(anonymous_35)
FN:391,(anonymous_36)
FN:399,(anonymous_37)
FN:407,(anonymous_38)
FN:415,(anonymous_39)
FN:423,(anonymous_40)
FN:434,(anonymous_41)
FN:443,(anonymous_42)
FN:455,(anonymous_43)
FN:463,displayNextPages
FN:478,display
FN:482,(anonymous_46)
FN:496,(anonymous_47)
FN:505,(anonymous_48)
FN:513,(anonymous_49)
FN:565,buttons
FNF:51
FNH:5
FNDA:12,(anonymous_0)
FNDA:0,(anonymous_1)
FNDA:1,Survey
FNDA:0,(anonymous_3)
FNDA:0,(anonymous_4)
FNDA:0,(anonymous_5)
FNDA:0,(anonymous_6)
FNDA:0,(anonymous_7)
FNDA:0,(anonymous_8)
FNDA:0,(anonymous_9)
FNDA:0,(anonymous_10)
FNDA:0,(anonymous_11)
FNDA:0,(anonymous_12)
FNDA:0,(anonymous_13)
FNDA:0,(anonymous_14)
FNDA:0,(anonymous_15)
FNDA:0,(anonymous_16)
FNDA:0,(anonymous_17)
FNDA:0,(anonymous_18)
FNDA:0,(anonymous_19)
FNDA:0,(anonymous_20)
FNDA:0,(anonymous_21)
FNDA:0,(anonymous_22)
FNDA:0,(anonymous_23)
FNDA:0,(anonymous_24)
FNDA:0,(anonymous_25)
FNDA:1,displayFirstPage
FNDA:0,(anonymous_27)
FNDA:0,(anonymous_28)
FNDA:0,(anonymous_29)
FNDA:0,(anonymous_30)
FNDA:0,(anonymous_31)
FNDA:0,(anonymous_32)
FNDA:0,(anonymous_33)
FNDA:0,(anonymous_34)
FNDA:0,(anonymous_35)
FNDA:0,(anonymous_36)
FNDA:0,(anonymous_37)
FNDA:0,(anonymous_38)
FNDA:0,(anonymous_39)
FNDA:0,(anonymous_40)
FNDA:0,(anonymous_41)
FNDA:0,(anonymous_42)
FNDA:0,(anonymous_43)
FNDA:0,displayNextPages
FNDA:1,display
FNDA:0,(anonymous_46)
FNDA:0,(anonymous_47)
FNDA:0,(anonymous_48)
FNDA:0,(anonymous_49)
FNDA:1,buttons
DA:9,1
DA:12,1
DA:13,12
DA:26,1
DA:27,0
DA:38,1
DA:39,1
DA:40,1
DA:43,1
DA:44,1
DA:46,1
DA:47,1
DA:48,1
DA:49,1
DA:50,1
DA:51,1
DA:53,1
DA:54,1
DA:55,1
DA:56,1
DA:57,1
DA:58,1
DA:59,1
DA:60,1
DA:62,1
DA:64,1
DA:65,1
DA:66,1
DA:68,1
DA:69,1
DA:70,1
DA:72,1
DA:73,1
DA:77,1
DA:79,0
DA:80,0
DA:81,0
DA:85,0
DA:86,0
DA:88,0
DA:90,0
DA:91,0
DA:92,0
DA:96,0
DA:97,0
DA:99,0
DA:101,0
DA:102,0
DA:103,0
DA:105,0
DA:106,0
DA:108,0
DA:110,0
DA:111,0
DA:112,0
DA:116,0
DA:117,0
DA:119,0
DA:122,1
DA:124,0
DA:125,0
DA:126,0
DA:127,0
DA:140,0
DA:141,0
DA:146,0
DA:147,0
DA:148,0
DA:149,0
DA:150,0
DA:151,0
DA:152,0
DA:156,0
DA:159,0
DA:176,1
DA:177,0
DA:178,0
DA:179,0
DA:189,0
DA:191,0
DA:192,0
DA:195,1
DA:196,0
DA:197,0
DA:199,0
DA:200,0
DA:201,0
DA:202,0
DA:203,0
DA:204,0
DA:205,0
DA:206,0
DA:207,0
DA:208,0
DA:211,0
DA:212,0
DA:218,0
DA:224,0
DA:225,0
DA:237,0
DA:241,1
DA:242,0
DA:243,0
DA:244,0
DA:249,0
DA:253,1
DA:254,0
DA:255,0
DA:260,0
DA:264,1
DA:265,1
DA:266,0
DA:268,1
DA:272,0
DA:300,1
DA:311,0
DA:323,0
DA:335,0
DA:342,0
DA:349,0
DA:356,0
DA:363,0
DA:375,0
DA:383,0
DA:391,0
DA:399,0
DA:407,0
DA:415,0
DA:423,0
DA:434,0
DA:443,0
DA:455,0
DA:465,0
DA:479,1
DA:480,1
DA:481,0
DA:482,0
DA:483,0
DA:489,0
DA:491,0
DA:496,1
DA:497,0
DA:498,0
DA:500,0
DA:501,0
DA:505,1
DA:506,0
DA:507,0
DA:509,0
DA:513,1
DA:514,0
DA:515,0
DA:516,0
DA:517,0
DA:518,0
DA:519,0
DA:520,0
DA:521,0
DA:523,0
DA:524,0
DA:525,0
DA:526,0
DA:528,0
DA:529,0
DA:530,0
DA:531,0
DA:532,0
DA:533,0
DA:534,0
DA:535,0
DA:536,0
DA:537,0
DA:538,0
DA:539,0
DA:540,0
DA:541,0
DA:542,0
DA:543,0
DA:544,0
DA:545,0
DA:548,0
DA:549,0
DA:550,0
DA:554,0
DA:555,0
DA:556,0
DA:557,0
DA:561,0
DA:562,0
DA:566,1
DA:567,1
DA:574,0
DA:575,0
DA:583,0
DA:593,1
LF:195
LH:50
BRDA:147,0,0,0
BRDA:147,0,1,0
BRDA:199,1,0,0
BRDA:199,1,1,0
BRDA:201,2,0,0
BRDA:201,2,1,0
BRDA:203,3,0,0
BRDA:203,3,1,0
BRDA:205,4,0,0
BRDA:205,4,1,0
BRDA:207,5,0,0
BRDA:207,5,1,0
BRDA:224,6,0,0
BRDA:224,6,1,0
BRDA:479,7,0,1
BRDA:479,7,1,0
BRDA:481,8,0,0
BRDA:481,8,1,0
BRDA:497,9,0,0
BRDA:497,9,1,0
BRDA:506,10,0,0
BRDA:506,10,1,0
BRDA:523,11,0,0
BRDA:523,11,1,0
BRDA:524,12,0,0
BRDA:524,12,1,0
BRDA:528,13,0,0
BRDA:528,13,1,0
BRDA:531,14,0,0
BRDA:531,14,1,0
BRDA:534,15,0,0
BRDA:534,15,1,0
BRDA:537,16,0,0
BRDA:537,16,1,0
BRDA:540,17,0,0
BRDA:540,17,1,0
BRDA:543,18,0,0
BRDA:543,18,1,0
BRDA:551,19,0,0
BRDA:551,19,1,0
BRDA:554,20,0,0
BRDA:554,20,1,0
BRDA:566,21,0,1
BRDA:566,21,1,0
BRDA:574,22,0,0
BRDA:574,22,1,0
BRF:46
BRH:2
end_of_record
TN:
SF:src\routes\termsOfUse.js
FN:6,TermsOfUse
FNF:1
FNH:1
FNDA:1,TermsOfUse
DA:7,1
DA:9,1
LF:2
LH:2
BRDA:11,0,0,1
BRDA:11,0,1,0
BRF:2
BRH:1
end_of_record
